------ 2014-10-25 22:31:55
*- 30 H:2.322e+00,Q:000100 tau:-0.511689911641
R- 29 H:2.309e+00,Q:000088 tau:-0.597025217267
R- 28 H:2.295e+00,Q:000080 tau:-0.396458633628
R- 27 H:2.273e+00,Q:000072 tau:-0.197916964763
R- 26 H:2.301e+00,Q:000060 tau:0.389340757499
R- 25 H:1.966e+00,Q:000021 tau:0.665367635362
R- 24 H:1.251e+00,Q:000007 tau:-0.0672276978247
R- 23 H:5.000e-01,Q:000004 tau:0.984230419032
RQ 22 H:5.924e-36,Q:000001 (cl,P):(000,1.00) (004,0.00) (003,0.00)
LG 22 H:3.965e-36,Q:000003 (cl,P):(001,1.00) (004,0.00) (003,0.00)
L- 23 H:6.667e-01,Q:000003 tau:-0.316173167945
RQ 22 H:5.924e-36,Q:000002 (cl,P):(001,0.50) (000,0.50) (004,0.00)
LQ 22 H:5.924e-36,Q:000001 (cl,P):(004,1.00) (003,0.00) (002,0.00)
L- 24 H:1.429e+00,Q:000014 tau:0.581447219395
RG 23 H:2.986e-36,Q:000004 (cl,P):(002,1.00) (004,0.00) (003,0.00)
L- 23 H:1.475e+00,Q:000010 tau:0.466198368673
R- 22 H:5.510e-01,Q:000005 tau:0.100529326744
RG 21 H:2.986e-36,Q:000004 (cl,P):(003,0.50) (001,0.50) (004,0.00)
LQ 21 H:5.924e-36,Q:000001 (cl,P):(001,1.00) (004,0.00) (003,0.00)
L- 22 H:9.510e-01,Q:000005 tau:0.43075037257
RQ 21 H:5.924e-36,Q:000001 (cl,P):(003,1.00) (004,0.00) (002,0.00)
L- 21 H:6.887e-01,Q:000004 tau:0.68575082978
RQ 20 H:5.924e-36,Q:000002 (cl,P):(002,1.00) (004,0.00) (003,0.00)
L- 20 H:1.000e+00,Q:000002 tau:-0.0633773543255
RQ 19 H:5.924e-36,Q:000001 (cl,P):(003,1.00) (004,0.00) (002,0.00)
LQ 19 H:5.924e-36,Q:000001 (cl,P):(002,1.00) (004,0.00) (003,0.00)
L- 25 H:2.264e+00,Q:000039 tau:-0.15952513897
R- 24 H:2.152e+00,Q:000029 tau:-0.0121771736106
R- 23 H:1.652e+00,Q:000019 tau:0.0705821802633
R- 22 H:1.414e+00,Q:000014 tau:0.300628778629
R- 21 H:6.667e-01,Q:000003 tau:0.97169225661
RQ 20 H:5.924e-36,Q:000001 (cl,P):(001,1.00) (004,0.00) (003,0.00)
LQ 20 H:5.924e-36,Q:000002 (cl,P):(004,0.50) (003,0.50) (002,0.00)
L- 21 H:9.422e-01,Q:000011 tau:0.22477928696
RG 20 H:3.965e-36,Q:000003 (cl,P):(004,1.00) (003,0.00) (002,0.00)
L- 20 H:9.056e-01,Q:000008 tau:-0.0335851739232
RG 19 H:2.394e-36,Q:000005 (cl,P):(000,1.00) (004,0.00) (003,0.00)
LG 19 H:3.965e-36,Q:000003 (cl,P):(004,1.00) (003,0.00) (002,0.00)
L- 22 H:5.510e-01,Q:000005 tau:0.0304524764839
RQ 21 H:5.924e-36,Q:000002 (cl,P):(004,0.50) (001,0.50) (003,0.00)
L- 21 H:6.667e-01,Q:000003 tau:0.0999792554879
RQ 20 H:5.924e-36,Q:000002 (cl,P):(001,1.00) (004,0.00) (003,0.00)
LQ 20 H:5.924e-36,Q:000001 (cl,P):(004,1.00) (003,0.00) (002,0.00)
L- 23 H:1.951e+00,Q:000010 tau:-0.0774384721584
R- 22 H:1.333e+00,Q:000006 tau:0.191507315663
RG 21 H:6.667e-01,Q:000003 (cl,P):(004,0.33) (003,0.33) (001,0.33)
L- 21 H:6.667e-01,Q:000003 tau:-0.0539243333247
RQ 20 H:5.924e-36,Q:000001 (cl,P):(002,1.00) (004,0.00) (003,0.00)
LQ 20 H:5.924e-36,Q:000002 (cl,P):(003,1.00) (004,0.00) (002,0.00)
L- 22 H:1.000e+00,Q:000004 tau:-0.100763916566
RQ 21 H:5.924e-36,Q:000002 (cl,P):(002,0.50) (000,0.50) (004,0.00)
LQ 21 H:5.924e-36,Q:000002 (cl,P):(002,0.50) (000,0.50) (004,0.00)
L- 24 H:1.475e+00,Q:000010 tau:-0.258235280385
RG 23 H:2.981e-36,Q:000004 (cl,P):(003,1.00) (004,0.00) (002,0.00)
L- 23 H:1.252e+00,Q:000006 tau:-0.483389765415
R- 22 H:5.000e-01,Q:000004 tau:0.0444658609067
RQ 21 H:5.924e-36,Q:000002 (cl,P):(003,0.50) (002,0.50) (004,0.00)
LQ 21 H:5.924e-36,Q:000002 (cl,P):(002,1.00) (004,0.00) (003,0.00)
LQ 22 H:5.924e-36,Q:000002 (cl,P):(001,1.00) (004,0.00) (003,0.00)
L- 26 H:1.459e+00,Q:000012 tau:0.0992649499356
R- 25 H:1.000e+00,Q:000004 tau:-0.232594565815
RQ 24 H:5.924e-36,Q:000002 (cl,P):(003,0.50) (002,0.50) (004,0.00)
LQ 24 H:5.924e-36,Q:000002 (cl,P):(001,0.50) (000,0.50) (004,0.00)
L- 25 H:9.056e-01,Q:000008 tau:-0.238651195399
R- 24 H:5.000e-01,Q:000004 tau:-0.199291108168
RG 23 H:3.965e-36,Q:000003 (cl,P):(002,1.00) (004,0.00) (003,0.00)
LQ 23 H:5.924e-36,Q:000001 (cl,P):(001,1.00) (004,0.00) (003,0.00)
LG 24 H:2.986e-36,Q:000004 (cl,P):(001,1.00) (004,0.00) (003,0.00)
L- 27 H:1.156e+00,Q:000008 tau:0.417419410553
RG 26 H:3.965e-36,Q:000003 (cl,P):(002,0.67) (004,0.33) (003,0.00)
L- 26 H:4.000e-01,Q:000005 tau:0.385682428758
RQ 25 H:5.924e-36,Q:000001 (cl,P):(004,1.00) (003,0.00) (002,0.00)
LG 25 H:2.981e-36,Q:000004 (cl,P):(000,1.00) (004,0.00) (003,0.00)
L- 28 H:9.056e-01,Q:000008 tau:0.0998250517699
R- 27 H:5.510e-01,Q:000005 tau:-0.791036981654
RG 26 H:3.965e-36,Q:000003 (cl,P):(000,1.00) (004,0.00) (003,0.00)
LQ 26 H:5.924e-36,Q:000002 (cl,P):(004,0.50) (000,0.50) (003,0.00)
L- 27 H:6.667e-01,Q:000003 tau:-0.226995048355
RQ 26 H:5.924e-36,Q:000001 (cl,P):(000,1.00) (004,0.00) (003,0.00)
LQ 26 H:5.924e-36,Q:000002 (cl,P):(004,1.00) (003,0.00) (002,0.00)
L- 29 H:1.459e+00,Q:000012 tau:-0.695201977138
R- 28 H:9.510e-01,Q:000005 tau:-0.597875849784
RQ 27 H:5.924e-36,Q:000002 (cl,P):(003,0.50) (000,0.50) (004,0.00)
LG 27 H:3.965e-36,Q:000003 (cl,P):(004,1.00) (003,0.00) (002,0.00)
L- 28 H:8.571e-01,Q:000007 tau:-0.850377078638
R- 27 H:5.510e-01,Q:000005 tau:0.224136605681
RG 26 H:3.965e-36,Q:000003 (cl,P):(003,1.00) (004,0.00) (002,0.00)
L- 26 H:1.000e+00,Q:000002 tau:-0.78883543705
RQ 25 H:5.924e-36,Q:000001 (cl,P):(003,1.00) (004,0.00) (002,0.00)
LQ 25 H:5.924e-36,Q:000001 (cl,P):(004,1.00) (003,0.00) (002,0.00)
LQ 27 H:5.924e-36,Q:000002 (cl,P):(003,0.50) (002,0.50) (004,0.00)
------ 2014-10-25 22:45:14
*- 30 H:2.322e+00,Q:000100 tau:-0.68667461538
R- 29 H:2.313e+00,Q:000093 tau:-0.475345298648
R- 28 H:2.307e+00,Q:000076 tau:0.0518112637007
R- 27 H:2.284e+00,Q:000042 tau:0.687237201685
R- 26 H:1.446e+00,Q:000010 tau:0.762342948809
R- 25 H:1.189e+00,Q:000004 tau:0.233233138738
RQ 24 H:5.924e-36,Q:000001 (cl,P):(001,1.00) (004,0.00) (003,0.00)
L- 24 H:6.667e-01,Q:000003 tau:0.864387246857
RQ 23 H:5.924e-36,Q:000002 (cl,P):(002,0.50) (001,0.50) (004,0.00)
LQ 23 H:5.924e-36,Q:000001 (cl,P):(003,1.00) (004,0.00) (002,0.00)
L- 25 H:8.742e-01,Q:000006 tau:0.40664208143
RQ 24 H:5.924e-36,Q:000001 (cl,P):(002,1.00) (004,0.00) (003,0.00)
L- 24 H:6.490e-01,Q:000005 tau:0.72696490465
RG 23 H:2.986e-36,Q:000002 (cl,P):(002,1.00) (004,0.00) (003,0.00)
L- 23 H:6.667e-01,Q:000003 tau:0.698208655362
RQ 22 H:5.924e-36,Q:000001 (cl,P):(003,1.00) (004,0.00) (002,0.00)
LQ 22 H:5.924e-36,Q:000002 (cl,P):(003,0.50) (002,0.50) (004,0.00)
L- 26 H:2.039e+00,Q:000032 tau:0.103248594928
R- 25 H:1.901e+00,Q:000025 tau:0.353461591988
R- 24 H:1.500e+00,Q:000008 tau:0.209943198786
R- 23 H:1.252e+00,Q:000006 tau:0.693975297248
R- 22 H:6.667e-01,Q:000003 tau:0.976425338195
RQ 21 H:5.924e-36,Q:000001 (cl,P):(000,1.00) (004,0.00) (003,0.00)
LQ 21 H:5.924e-36,Q:000002 (cl,P):(001,1.00) (004,0.00) (003,0.00)
LG 22 H:3.965e-36,Q:000003 (cl,P):(003,1.00) (004,0.00) (002,0.00)
LQ 23 H:5.924e-36,Q:000002 (cl,P):(004,0.50) (003,0.50) (002,0.00)
L- 24 H:1.377e+00,Q:000017 tau:0.38175964674
RG 23 H:2.394e-36,Q:000005 (cl,P):(004,1.00) (003,0.00) (002,0.00)
L- 23 H:1.355e+00,Q:000012 tau:-0.481885169568
R- 22 H:1.046e+00,Q:000010 tau:0.132738904802
RQ 21 H:5.924e-36,Q:000002 (cl,P):(004,0.50) (000,0.50) (003,0.00)
L- 21 H:8.113e-01,Q:000008 tau:0.2908790662
RG 20 H:2.986e-36,Q:000004 (cl,P):(000,1.00) (004,0.00) (003,0.00)
L- 20 H:1.000e+00,Q:000004 tau:0.18485762991
RQ 19 H:5.924e-36,Q:000002 (cl,P):(001,1.00) (004,0.00) (003,0.00)
LQ 19 H:5.924e-36,Q:000002 (cl,P):(000,1.00) (004,0.00) (003,0.00)
LQ 22 H:5.924e-36,Q:000002 (cl,P):(004,1.00) (003,0.00) (002,0.00)
L- 25 H:8.571e-01,Q:000007 tau:0.192266769839
RQ 24 H:5.924e-36,Q:000001 (cl,P):(000,1.00) (004,0.00) (003,0.00)
L- 24 H:4.591e-01,Q:000006 tau:-0.00442797230176
RQ 23 H:5.924e-36,Q:000002 (cl,P):(001,1.00) (004,0.00) (003,0.00)
L- 23 H:5.000e-01,Q:000004 tau:-0.0473869147178
RQ 22 H:5.924e-36,Q:000001 (cl,P):(002,1.00) (004,0.00) (003,0.00)
LG 22 H:3.965e-36,Q:000003 (cl,P):(001,1.00) (004,0.00) (003,0.00)
L- 27 H:2.075e+00,Q:000034 tau:-0.193786551966
R- 26 H:1.980e+00,Q:000028 tau:0.392865958645
R- 25 H:1.439e+00,Q:000008 tau:0.513854889101
R- 24 H:1.087e+00,Q:000007 tau:0.933426969343
RQ 23 H:5.924e-36,Q:000001 (cl,P):(000,1.00) (004,0.00) (003,0.00)
L- 23 H:6.667e-01,Q:000006 tau:-0.222463213782
R- 22 H:5.510e-01,Q:000005 tau:0.797223452834
RQ 21 H:5.924e-36,Q:000001 (cl,P):(001,1.00) (004,0.00) (003,0.00)
LG 21 H:2.986e-36,Q:000004 (cl,P):(002,1.00) (004,0.00) (003,0.00)
LQ 22 H:5.924e-36,Q:000001 (cl,P):(001,1.00) (004,0.00) (003,0.00)
LQ 24 H:5.924e-36,Q:000001 (cl,P):(003,1.00) (004,0.00) (002,0.00)
L- 25 H:1.795e+00,Q:000020 tau:-0.0901088012987
R- 24 H:1.646e+00,Q:000014 tau:-0.0301264769832
R- 23 H:6.667e-01,Q:000003 tau:-0.0229762114443
RQ 22 H:5.924e-36,Q:000002 (cl,P):(004,0.50) (000,0.50) (003,0.00)
LQ 22 H:5.924e-36,Q:000001 (cl,P):(000,1.00) (004,0.00) (003,0.00)
L- 23 H:1.237e+00,Q:000011 tau:-0.178550844099
R- 22 H:9.650e-01,Q:000007 tau:-0.0764994302132
R- 21 H:5.510e-01,Q:000005 tau:0.0108689475025
RG 20 H:2.986e-36,Q:000004 (cl,P):(004,1.00) (003,0.00) (002,0.00)
LQ 20 H:5.924e-36,Q:000001 (cl,P):(003,1.00) (004,0.00) (002,0.00)
LG 21 H:2.986e-36,Q:000002 (cl,P):(003,1.00) (004,0.00) (002,0.00)
L- 22 H:6.887e-01,Q:000004 tau:-0.186779192162
RQ 21 H:5.924e-36,Q:000001 (cl,P):(003,1.00) (004,0.00) (002,0.00)
L- 21 H:6.667e-01,Q:000003 tau:0.264932517138
RQ 20 H:5.924e-36,Q:000001 (cl,P):(002,1.00) (004,0.00) (003,0.00)
LQ 20 H:5.924e-36,Q:000002 (cl,P):(003,1.00) (004,0.00) (002,0.00)
L- 24 H:6.016e-01,Q:000006 tau:-0.152129836629
R- 23 H:9.183e-01,Q:000003 tau:0.0392942397191
RQ 22 H:5.924e-36,Q:000001 (cl,P):(002,1.00) (004,0.00) (003,0.00)
L- 22 H:1.000e+00,Q:000002 tau:-0.117354157972
RQ 21 H:5.924e-36,Q:000001 (cl,P):(002,1.00) (004,0.00) (003,0.00)
LQ 21 H:5.924e-36,Q:000001 (cl,P):(003,1.00) (004,0.00) (002,0.00)
LG 23 H:3.965e-36,Q:000003 (cl,P):(002,1.00) (004,0.00) (003,0.00)
L- 26 H:1.268e+00,Q:000006 tau:-0.109344086737
RG 25 H:2.986e-36,Q:000002 (cl,P):(002,1.00) (004,0.00) (003,0.00)
L- 25 H:6.887e-01,Q:000004 tau:-0.527220828738
RG 24 H:3.965e-36,Q:000003 (cl,P):(001,0.67) (000,0.33) (004,0.00)
LQ 24 H:5.924e-36,Q:000001 (cl,P):(000,1.00) (004,0.00) (003,0.00)
L- 28 H:1.663e+00,Q:000017 tau:-0.797131860106
R- 27 H:1.414e+00,Q:000014 tau:-0.355542857111
R- 26 H:1.124e+00,Q:000011 tau:-0.563423646927
R- 25 H:8.014e-01,Q:000007 tau:-0.485958259558
RQ 24 H:5.924e-36,Q:000002 (cl,P):(001,0.50) (000,0.50) (004,0.00)
L- 24 H:6.490e-01,Q:000005 tau:-0.519041010274
RG 23 H:6.667e-01,Q:000003 (cl,P):(002,0.33) (001,0.33) (000,0.33)
LG 23 H:2.986e-36,Q:000002 (cl,P):(001,1.00) (004,0.00) (003,0.00)
L- 25 H:6.887e-01,Q:000004 tau:-0.595004647581
RQ 24 H:5.924e-36,Q:000001 (cl,P):(001,1.00) (004,0.00) (003,0.00)
LG 24 H:3.965e-36,Q:000003 (cl,P):(000,1.00) (004,0.00) (003,0.00)
LG 26 H:3.965e-36,Q:000003 (cl,P):(004,0.67) (000,0.33) (003,0.00)
LG 27 H:3.965e-36,Q:000003 (cl,P):(004,1.00) (003,0.00) (002,0.00)
L- 29 H:8.571e-01,Q:000007 tau:-0.89766396743
R- 28 H:5.510e-01,Q:000005 tau:0.321465392477
RQ 27 H:5.924e-36,Q:000001 (cl,P):(003,1.00) (004,0.00) (002,0.00)
L- 27 H:5.000e-01,Q:000004 tau:-0.00776966030663
RQ 26 H:5.924e-36,Q:000002 (cl,P):(004,0.50) (003,0.50) (002,0.00)
LQ 26 H:5.924e-36,Q:000002 (cl,P):(003,1.00) (004,0.00) (002,0.00)
LQ 28 H:5.924e-36,Q:000002 (cl,P):(003,0.50) (002,0.50) (004,0.00)
------ 2014-10-25 22:47:29
*- 30 H:2.322e+00,Q:000100 tau:0.507408235932
R- 29 H:1.512e+00,Q:000013 tau:0.263918578248
R- 28 H:9.510e-01,Q:000005 tau:0.595422697294
R- 27 H:5.000e-01,Q:000004 tau:0.446689003129
RQ 26 H:5.924e-36,Q:000002 (cl,P):(001,1.00) (004,0.00) (003,0.00)
LQ 26 H:5.924e-36,Q:000002 (cl,P):(002,0.50) (001,0.50) (004,0.00)
LQ 27 H:5.924e-36,Q:000001 (cl,P):(003,1.00) (004,0.00) (002,0.00)
L- 28 H:1.000e+00,Q:000008 tau:0.786007165448
RG 27 H:2.986e-36,Q:000004 (cl,P):(002,1.00) (004,0.00) (003,0.00)
LG 27 H:2.986e-36,Q:000004 (cl,P):(003,1.00) (004,0.00) (002,0.00)
L- 29 H:2.308e+00,Q:000087 tau:0.33402567265
R- 28 H:1.122e+00,Q:000009 tau:0.342492679535
R- 27 H:6.667e-01,Q:000003 tau:0.512665009144
RQ 26 H:5.924e-36,Q:000002 (cl,P):(002,1.00) (004,0.00) (003,0.00)
LQ 26 H:5.924e-36,Q:000001 (cl,P):(003,1.00) (004,0.00) (002,0.00)
LG 27 H:2.000e-36,Q:000006 (cl,P):(004,1.00) (003,0.00) (002,0.00)
L- 28 H:2.302e+00,Q:000078 tau:0.139927524615
R- 27 H:1.095e+00,Q:000015 tau:-0.283246219257
R- 26 H:8.755e-01,Q:000012 tau:0.0612444801377
R- 25 H:6.068e-01,Q:000008 tau:0.148125095962
R- 24 H:5.510e-01,Q:000005 tau:0.22942191459
RG 23 H:3.965e-36,Q:000003 (cl,P):(000,0.67) (001,0.33) (004,0.00)
L- 23 H:1.000e+00,Q:000002 tau:0.221626424815
RQ 22 H:5.924e-36,Q:000001 (cl,P):(001,1.00) (004,0.00) (003,0.00)
LQ 22 H:5.924e-36,Q:000001 (cl,P):(000,1.00) (004,0.00) (003,0.00)
LG 24 H:3.965e-36,Q:000003 (cl,P):(000,1.00) (004,0.00) (003,0.00)
L- 25 H:5.000e-01,Q:000004 tau:0.282438629222
RQ 24 H:5.924e-36,Q:000001 (cl,P):(000,1.00) (004,0.00) (003,0.00)
LG 24 H:3.965e-36,Q:000003 (cl,P):(001,1.00) (004,0.00) (003,0.00)
LG 26 H:3.965e-36,Q:000003 (cl,P):(000,0.67) (002,0.33) (004,0.00)
L- 27 H:2.312e+00,Q:000063 tau:-0.554061273686
R- 26 H:2.309e+00,Q:000053 tau:-0.498506895001
R- 25 H:2.215e+00,Q:000041 tau:-0.248601797104
R- 24 H:2.075e+00,Q:000034 tau:-0.00341773169132
R- 23 H:2.187e+00,Q:000023 tau:-0.283845049343
R- 22 H:1.831e+00,Q:000018 tau:-0.0988509488866
R- 21 H:1.855e+00,Q:000012 tau:0.0822492069343
R- 20 H:6.667e-01,Q:000003 tau:0.12633348261
RQ 19 H:5.924e-36,Q:000001 (cl,P):(003,1.00) (004,0.00) (002,0.00)
LQ 19 H:5.924e-36,Q:000002 (cl,P):(001,1.00) (004,0.00) (003,0.00)
L- 20 H:1.428e+00,Q:000009 tau:-0.0200865014465
R- 19 H:1.351e+00,Q:000005 tau:0.0150446254949
R- 18 H:6.667e-01,Q:000003 tau:0.296257791776
RQ 17 H:5.924e-36,Q:000001 (cl,P):(004,1.00) (003,0.00) (002,0.00)
LQ 17 H:5.924e-36,Q:000002 (cl,P):(004,0.50) (000,0.50) (003,0.00)
LQ 18 H:5.924e-36,Q:000002 (cl,P):(003,0.50) (000,0.50) (004,0.00)
L- 19 H:5.000e-01,Q:000004 tau:-0.0341122589528
RQ 18 H:5.924e-36,Q:000001 (cl,P):(001,1.00) (004,0.00) (003,0.00)
LG 18 H:3.965e-36,Q:000003 (cl,P):(004,1.00) (003,0.00) (002,0.00)
L- 21 H:5.409e-01,Q:000006 tau:-0.106489056606
RQ 20 H:5.924e-36,Q:000001 (cl,P):(004,1.00) (003,0.00) (002,0.00)
LG 20 H:2.394e-36,Q:000005 (cl,P):(003,1.00) (004,0.00) (002,0.00)
L- 22 H:5.510e-01,Q:000005 tau:-0.367254044128
RG 21 H:3.965e-36,Q:000003 (cl,P):(002,1.00) (004,0.00) (003,0.00)
LQ 21 H:5.924e-36,Q:000002 (cl,P):(002,0.50) (001,0.50) (004,0.00)
L- 23 H:8.290e-01,Q:000011 tau:-0.0909260970736
R- 22 H:9.183e-01,Q:000006 tau:0.0553386021422
RQ 21 H:5.924e-36,Q:000002 (cl,P):(002,1.00) (004,0.00) (003,0.00)
L- 21 H:5.000e-01,Q:000004 tau:-0.0471313687595
RQ 20 H:5.924e-36,Q:000001 (cl,P):(002,1.00) (004,0.00) (003,0.00)
LG 20 H:3.965e-36,Q:000003 (cl,P):(003,1.00) (004,0.00) (002,0.00)
LG 22 H:2.394e-36,Q:000005 (cl,P):(002,1.00) (004,0.00) (003,0.00)
L- 24 H:8.571e-01,Q:000007 tau:-0.399821509439
RG 23 H:2.394e-36,Q:000005 (cl,P):(001,1.00) (004,0.00) (003,0.00)
LQ 23 H:5.924e-36,Q:000002 (cl,P):(000,1.00) (004,0.00) (003,0.00)
L- 25 H:1.459e+00,Q:000012 tau:-0.878701032205
R- 24 H:1.171e+00,Q:000010 tau:-0.0734492243553
R- 23 H:9.650e-01,Q:000007 tau:0.362812711422
RG 22 H:3.965e-36,Q:000003 (cl,P):(000,1.00) (004,0.00) (003,0.00)
L- 22 H:6.887e-01,Q:000004 tau:-0.595732477934
RQ 21 H:5.924e-36,Q:000002 (cl,P):(001,1.00) (004,0.00) (003,0.00)
L- 21 H:1.000e+00,Q:000002 tau:0.320002187583
RQ 20 H:5.924e-36,Q:000001 (cl,P):(001,1.00) (004,0.00) (003,0.00)
LQ 20 H:5.924e-36,Q:000001 (cl,P):(000,1.00) (004,0.00) (003,0.00)
L- 23 H:6.667e-01,Q:000003 tau:-0.60175978058
RQ 22 H:5.924e-36,Q:000002 (cl,P):(000,1.00) (004,0.00) (003,0.00)
LQ 22 H:5.924e-36,Q:000001 (cl,P):(004,1.00) (003,0.00) (002,0.00)
LQ 24 H:5.924e-36,Q:000002 (cl,P):(004,1.00) (003,0.00) (002,0.00)
L- 26 H:1.246e+00,Q:000010 tau:-0.791398019443
R- 25 H:4.591e-01,Q:000006 tau:-0.1170007471
RG 24 H:2.986e-36,Q:000002 (cl,P):(004,1.00) (003,0.00) (002,0.00)
LG 24 H:2.981e-36,Q:000004 (cl,P):(004,0.75) (000,0.25) (003,0.00)
LG 25 H:2.986e-36,Q:000004 (cl,P):(003,1.00) (004,0.00) (002,0.00)
