------ 2014-10-25 21:45:25
*- 30 H:2.322e+00,Q:001000 tau:0.53164695631
R- 29 H:1.633e+00,Q:000132 tau:-0.37620005164
R- 28 H:1.422e+00,Q:000105 tau:0.718304565785
R- 27 H:9.065e-01,Q:000046 tau:0.853893920039
R- 26 H:6.122e-01,Q:000013 tau:0.88306313192
RG 25 H:1.206e-36,Q:000010 (cl,P):(000,1.00) (004,0.00) (003,0.00)
L- 25 H:6.667e-01,Q:000003 tau:0.878102846391
RQ 24 H:5.924e-36,Q:000002 (cl,P):(001,0.50) (000,0.50) (004,0.00)
LQ 24 H:5.924e-36,Q:000001 (cl,P):(001,1.00) (004,0.00) (003,0.00)
L- 26 H:1.575e-01,Q:000033 tau:0.164793733745
R- 25 H:2.436e-01,Q:000017 tau:0.178694431537
RG 24 H:7.579e-37,Q:000016 (cl,P):(001,1.00) (004,0.00) (003,0.00)
LQ 24 H:5.924e-36,Q:000001 (cl,P):(002,1.00) (004,0.00) (003,0.00)
LG 25 H:7.581e-37,Q:000016 (cl,P):(001,1.00) (004,0.00) (003,0.00)
L- 27 H:9.844e-01,Q:000059 tau:0.538250251696
RG 26 H:1.339e-36,Q:000009 (cl,P):(001,1.00) (004,0.00) (003,0.00)
L- 26 H:7.938e-01,Q:000050 tau:-0.165706900378
R- 25 H:1.548e-01,Q:000037 tau:0.567199062839
RG 24 H:4.072e-37,Q:000030 (cl,P):(002,1.00) (004,0.00) (003,0.00)
L- 24 H:4.636e-01,Q:000007 tau:0.561889471004
RG 23 H:3.965e-36,Q:000003 (cl,P):(002,0.67) (003,0.33) (004,0.00)
LG 23 H:2.981e-36,Q:000004 (cl,P):(002,1.00) (004,0.00) (003,0.00)
L- 25 H:6.861e-01,Q:000013 tau:0.641222668907
RG 24 H:1.505e-36,Q:000008 (cl,P):(001,1.00) (004,0.00) (003,0.00)
L- 24 H:7.219e-01,Q:000005 tau:-0.23956124856
RG 23 H:2.000e-36,Q:000003 (cl,P):(002,1.00) (004,0.00) (003,0.00)
L- 23 H:1.000e+00,Q:000002 tau:-0.272003909811
RQ 22 H:5.924e-36,Q:000001 (cl,P):(002,1.00) (004,0.00) (003,0.00)
LQ 22 H:5.924e-36,Q:000001 (cl,P):(001,1.00) (004,0.00) (003,0.00)
L- 28 H:8.577e-01,Q:000027 tau:0.659137946583
RG 27 H:7.140e-37,Q:000017 (cl,P):(000,1.00) (004,0.00) (003,0.00)
L- 27 H:1.241e+00,Q:000010 tau:-0.612329304333
R- 26 H:3.333e-01,Q:000006 tau:-0.447021320296
RG 25 H:2.981e-36,Q:000004 (cl,P):(001,1.00) (004,0.00) (003,0.00)
LQ 25 H:5.924e-36,Q:000002 (cl,P):(001,0.50) (000,0.50) (004,0.00)
L- 26 H:6.887e-01,Q:000004 tau:-0.695088950668
RG 25 H:2.986e-36,Q:000002 (cl,P):(000,1.00) (004,0.00) (003,0.00)
LQ 25 H:5.924e-36,Q:000002 (cl,P):(004,0.50) (000,0.50) (003,0.00)
L- 29 H:2.310e+00,Q:000868 tau:0.587813763634
R- 28 H:1.344e+00,Q:000095 tau:0.801967118469
R- 27 H:8.360e-01,Q:000033 tau:0.0733770677946
R- 26 H:8.854e-01,Q:000013 tau:0.836658596514
RG 25 H:1.504e-36,Q:000008 (cl,P):(001,1.00) (004,0.00) (003,0.00)
L- 25 H:6.490e-01,Q:000005 tau:0.519279196295
RQ 24 H:5.924e-36,Q:000001 (cl,P):(001,1.00) (004,0.00) (003,0.00)
LG 24 H:2.981e-36,Q:000004 (cl,P):(002,1.00) (004,0.00) (003,0.00)
LG 26 H:6.081e-37,Q:000020 (cl,P):(002,1.00) (004,0.00) (003,0.00)
L- 27 H:9.258e-01,Q:000062 tau:0.284771144278
RG 26 H:1.206e-36,Q:000010 (cl,P):(002,1.00) (004,0.00) (003,0.00)
L- 26 H:7.758e-01,Q:000052 tau:-0.564937087645
R- 25 H:5.586e-01,Q:000046 tau:0.725675465864
R- 24 H:9.839e-01,Q:000009 tau:0.767567790578
R- 23 H:5.000e-01,Q:000004 tau:0.781129637655
RQ 22 H:5.924e-36,Q:000002 (cl,P):(002,1.00) (004,0.00) (003,0.00)
LQ 22 H:5.924e-36,Q:000002 (cl,P):(003,0.50) (002,0.50) (004,0.00)
L- 23 H:5.510e-01,Q:000005 tau:0.160858248954
RG 22 H:2.986e-36,Q:000002 (cl,P):(002,1.00) (004,0.00) (003,0.00)
LG 22 H:3.965e-36,Q:000003 (cl,P):(003,1.00) (004,0.00) (002,0.00)
L- 24 H:1.528e-01,Q:000037 tau:-0.451512592242
RG 23 H:3.820e-37,Q:000032 (cl,P):(003,1.00) (004,0.00) (002,0.00)
L- 23 H:4.000e-01,Q:000005 tau:-0.517459798359
RG 22 H:3.965e-36,Q:000003 (cl,P):(003,0.67) (002,0.33) (004,0.00)
LQ 22 H:5.924e-36,Q:000002 (cl,P):(003,1.00) (004,0.00) (002,0.00)
LG 25 H:1.998e-36,Q:000006 (cl,P):(002,1.00) (004,0.00) (003,0.00)
L- 28 H:2.295e+00,Q:000773 tau:-0.618125511419
R- 27 H:2.301e+00,Q:000689 tau:0.231108476186
R- 26 H:1.530e+00,Q:000140 tau:0.393024123435
R- 25 H:9.506e-01,Q:000058 tau:0.170812930111
R- 24 H:1.044e+00,Q:000019 tau:0.439763465291
R- 23 H:3.250e-01,Q:000012 tau:0.5273846061
R- 22 H:3.333e-01,Q:000006 tau:0.584649192631
RQ 21 H:5.924e-36,Q:000001 (cl,P):(003,1.00) (004,0.00) (002,0.00)
LG 21 H:2.389e-36,Q:000005 (cl,P):(003,0.80) (002,0.20) (004,0.00)
LG 22 H:1.998e-36,Q:000006 (cl,P):(003,1.00) (004,0.00) (002,0.00)
L- 23 H:8.571e-01,Q:000007 tau:0.38222128044
RQ 22 H:5.924e-36,Q:000002 (cl,P):(003,1.00) (004,0.00) (002,0.00)
LG 22 H:2.394e-36,Q:000005 (cl,P):(004,1.00) (003,0.00) (002,0.00)
L- 24 H:3.872e-01,Q:000039 tau:-0.467027070406
RG 23 H:3.400e-37,Q:000036 (cl,P):(004,1.00) (003,0.00) (002,0.00)
LG 23 H:3.965e-36,Q:000003 (cl,P):(003,1.00) (004,0.00) (002,0.00)
L- 25 H:1.186e+00,Q:000082 tau:0.212361474995
R- 24 H:8.679e-01,Q:000017 tau:0.417975733969
RG 23 H:1.715e-36,Q:000007 (cl,P):(003,1.00) (004,0.00) (002,0.00)
L- 23 H:3.245e-01,Q:000010 tau:0.298002234798
RG 22 H:2.981e-36,Q:000004 (cl,P):(004,0.75) (003,0.25) (002,0.00)
LG 22 H:2.000e-36,Q:000006 (cl,P):(004,1.00) (003,0.00) (002,0.00)
L- 24 H:6.162e-01,Q:000065 tau:-0.467823266991
R- 23 H:3.576e-01,Q:000059 tau:0.361042062868
R- 22 H:9.839e-01,Q:000009 tau:0.0566399872431
RG 21 H:3.965e-36,Q:000003 (cl,P):(004,1.00) (003,0.00) (002,0.00)
L- 21 H:4.591e-01,Q:000006 tau:-0.35891807221
RG 20 H:2.394e-36,Q:000005 (cl,P):(000,1.00) (004,0.00) (003,0.00)
LQ 20 H:5.924e-36,Q:000001 (cl,P):(004,1.00) (003,0.00) (002,0.00)
LG 22 H:2.457e-37,Q:000050 (cl,P):(000,1.00) (004,0.00) (003,0.00)
LG 23 H:1.998e-36,Q:000006 (cl,P):(004,1.00) (003,0.00) (002,0.00)
L- 26 H:2.311e+00,Q:000549 tau:-0.275388569867
R- 25 H:2.299e+00,Q:000435 tau:-0.637605310865
R- 24 H:2.233e+00,Q:000385 tau:0.0287357415074
R- 23 H:2.230e+00,Q:000219 tau:-0.300109755869
R- 22 H:1.774e+00,Q:000167 tau:0.377577634736
R- 21 H:5.951e-01,Q:000035 tau:-0.130690321065
RG 20 H:4.519e-37,Q:000027 (cl,P):(003,1.00) (004,0.00) (002,0.00)
L- 20 H:3.444e-01,Q:000008 tau:0.509195212227
RG 19 H:3.965e-36,Q:000003 (cl,P):(002,1.00) (004,0.00) (003,0.00)
LG 19 H:2.394e-36,Q:000005 (cl,P):(002,0.60) (003,0.40) (004,0.00)
L- 21 H:1.601e+00,Q:000132 tau:-0.15435162904
R- 20 H:1.138e+00,Q:000099 tau:0.212879509986
R- 19 H:1.568e-01,Q:000037 tau:-0.102713596097
RG 18 H:3.400e-37,Q:000036 (cl,P):(004,1.00) (003,0.00) (002,0.00)
LQ 18 H:5.924e-36,Q:000001 (cl,P):(003,1.00) (004,0.00) (002,0.00)
L- 19 H:1.169e+00,Q:000062 tau:-0.0292075897058
R- 18 H:3.296e-01,Q:000037 tau:0.095639514342
RG 17 H:3.942e-37,Q:000031 (cl,P):(000,1.00) (004,0.00) (003,0.00)
L- 17 H:5.409e-01,Q:000006 tau:0.0719311490679
R- 16 H:6.667e-01,Q:000003 tau:0.0694687684775
RQ 15 H:5.924e-36,Q:000002 (cl,P):(001,0.50) (000,0.50) (004,0.00)
LQ 15 H:5.924e-36,Q:000001 (cl,P):(000,1.00) (004,0.00) (003,0.00)
LG 16 H:3.965e-36,Q:000003 (cl,P):(001,0.67) (000,0.33) (004,0.00)
LG 18 H:4.877e-37,Q:000025 (cl,P):(004,1.00) (003,0.00) (002,0.00)
L- 20 H:4.298e-01,Q:000033 tau:-0.186607265083
R- 19 H:6.887e-01,Q:000004 tau:0.282727561983
RQ 18 H:5.924e-36,Q:000001 (cl,P):(003,1.00) (004,0.00) (002,0.00)
LG 18 H:3.965e-36,Q:000003 (cl,P):(004,1.00) (003,0.00) (002,0.00)
LG 19 H:4.211e-37,Q:000029 (cl,P):(003,1.00) (004,0.00) (002,0.00)
L- 22 H:1.082e+00,Q:000052 tau:-0.497434510499
R- 21 H:5.234e-01,Q:000029 tau:0.473822517154
R- 20 H:9.183e-01,Q:000003 tau:-0.335407354517
RQ 19 H:5.924e-36,Q:000001 (cl,P):(002,1.00) (004,0.00) (003,0.00)
LG 19 H:2.986e-36,Q:000002 (cl,P):(001,1.00) (004,0.00) (003,0.00)
L- 20 H:2.143e-01,Q:000026 tau:-0.325606394766
R- 19 H:1.000e+00,Q:000002 tau:-0.315309935929
RQ 18 H:5.924e-36,Q:000001 (cl,P):(002,1.00) (004,0.00) (003,0.00)
LQ 18 H:5.924e-36,Q:000001 (cl,P):(003,1.00) (004,0.00) (002,0.00)
LG 19 H:5.074e-37,Q:000024 (cl,P):(002,1.00) (004,0.00) (003,0.00)
LG 21 H:5.296e-37,Q:000023 (cl,P):(001,1.00) (004,0.00) (003,0.00)
L- 23 H:1.517e+00,Q:000166 tau:0.108278669805
RG 22 H:3.064e-37,Q:000040 (cl,P):(001,1.00) (004,0.00) (003,0.00)
L- 22 H:1.361e+00,Q:000126 tau:-0.459746919556
R- 21 H:1.119e+00,Q:000113 tau:-0.105715777882
R- 20 H:1.038e+00,Q:000051 tau:-0.306132105571
R- 19 H:8.049e-01,Q:000040 tau:0.0428282183547
R- 18 H:4.636e-01,Q:000007 tau:0.0543219826847
R- 17 H:4.000e-01,Q:000005 tau:0.0264046010614
RQ 16 H:5.924e-36,Q:000001 (cl,P):(001,1.00) (004,0.00) (003,0.00)
LG 16 H:2.981e-36,Q:000004 (cl,P):(002,1.00) (004,0.00) (003,0.00)
LG 17 H:2.986e-36,Q:000002 (cl,P):(002,1.00) (004,0.00) (003,0.00)
L- 18 H:1.663e-01,Q:000033 tau:-0.282966931985
RG 17 H:3.820e-37,Q:000032 (cl,P):(003,1.00) (004,0.00) (002,0.00)
LQ 17 H:5.924e-36,Q:000001 (cl,P):(002,1.00) (004,0.00) (003,0.00)
LG 19 H:1.098e-36,Q:000011 (cl,P):(002,1.00) (004,0.00) (003,0.00)
L- 20 H:5.476e-01,Q:000062 tau:-0.2274311781
R- 19 H:2.352e-01,Q:000052 tau:-0.109842321155
RQ 18 H:5.924e-36,Q:000001 (cl,P):(003,1.00) (004,0.00) (002,0.00)
L- 18 H:1.199e-01,Q:000051 tau:-0.156423207762
RG 17 H:4.360e-37,Q:000028 (cl,P):(002,1.00) (004,0.00) (003,0.00)
L- 17 H:2.102e-01,Q:000023 tau:-0.160117168849
RG 16 H:3.965e-36,Q:000003 (cl,P):(002,0.67) (003,0.33) (004,0.00)
LG 16 H:6.081e-37,Q:000020 (cl,P):(002,1.00) (004,0.00) (003,0.00)
L- 19 H:9.710e-01,Q:000010 tau:-0.183271753133
R- 18 H:4.636e-01,Q:000007 tau:0.00208645005093
R- 17 H:1.000e+00,Q:000002 tau:-0.254536903328
RQ 16 H:5.924e-36,Q:000001 (cl,P):(002,1.00) (004,0.00) (003,0.00)
LQ 16 H:5.924e-36,Q:000001 (cl,P):(001,1.00) (004,0.00) (003,0.00)
LG 17 H:2.394e-36,Q:000005 (cl,P):(002,1.00) (004,0.00) (003,0.00)
LG 18 H:3.965e-36,Q:000003 (cl,P):(001,1.00) (004,0.00) (003,0.00)
LG 21 H:9.310e-37,Q:000013 (cl,P):(001,1.00) (004,0.00) (003,0.00)
L- 24 H:9.837e-01,Q:000050 tau:-0.848985888627
R- 23 H:1.856e-01,Q:000028 tau:-0.257598650077
RG 22 H:4.519e-37,Q:000027 (cl,P):(000,1.00) (004,0.00) (003,0.00)
LQ 22 H:5.924e-36,Q:000001 (cl,P):(004,1.00) (003,0.00) (002,0.00)
LG 23 H:5.533e-37,Q:000022 (cl,P):(004,1.00) (003,0.00) (002,0.00)
L- 25 H:1.412e+00,Q:000114 tau:-0.441230376846
R- 24 H:1.123e+00,Q:000070 tau:-0.414779506971
R- 23 H:4.022e-01,Q:000050 tau:0.123493942486
R- 22 H:5.510e-01,Q:000005 tau:-0.317822068935
RG 21 H:2.986e-36,Q:000002 (cl,P):(001,1.00) (004,0.00) (003,0.00)
LG 21 H:3.965e-36,Q:000003 (cl,P):(000,1.00) (004,0.00) (003,0.00)
L- 22 H:1.304e-01,Q:000045 tau:-0.417630610971
RG 21 H:3.064e-37,Q:000040 (cl,P):(001,1.00) (004,0.00) (003,0.00)
LG 21 H:2.389e-36,Q:000005 (cl,P):(001,0.80) (000,0.20) (004,0.00)
L- 23 H:1.065e+00,Q:000020 tau:-0.696939216642
R- 22 H:3.468e-01,Q:000014 tau:-0.49639178237
RG 21 H:3.965e-36,Q:000003 (cl,P):(001,0.67) (000,0.33) (004,0.00)
LG 21 H:1.097e-36,Q:000011 (cl,P):(000,1.00) (004,0.00) (003,0.00)
L- 22 H:5.409e-01,Q:000006 tau:-0.283249694755
RQ 21 H:5.924e-36,Q:000001 (cl,P):(000,1.00) (004,0.00) (003,0.00)
LG 21 H:2.394e-36,Q:000005 (cl,P):(004,1.00) (003,0.00) (002,0.00)
L- 24 H:7.308e-01,Q:000044 tau:-0.490441805657
R- 23 H:1.611e-01,Q:000036 tau:0.20234397501
RQ 22 H:5.924e-36,Q:000001 (cl,P):(004,1.00) (003,0.00) (002,0.00)
LG 22 H:3.496e-37,Q:000035 (cl,P):(000,1.00) (004,0.00) (003,0.00)
LG 23 H:1.505e-36,Q:000008 (cl,P):(004,1.00) (003,0.00) (002,0.00)
L- 27 H:1.295e+00,Q:000084 tau:-0.798616996044
R- 26 H:7.947e-01,Q:000050 tau:0.33892267186
RG 25 H:1.717e-36,Q:000007 (cl,P):(003,1.00) (004,0.00) (002,0.00)
L- 25 H:5.169e-01,Q:000043 tau:-0.449796155919
R- 24 H:2.535e-01,Q:000037 tau:0.286758859348
R- 23 H:9.183e-01,Q:000003 tau:0.299390409719
RQ 22 H:5.924e-36,Q:000001 (cl,P):(004,1.00) (003,0.00) (002,0.00)
LG 22 H:2.986e-36,Q:000002 (cl,P):(003,1.00) (004,0.00) (002,0.00)
LG 23 H:3.598e-37,Q:000034 (cl,P):(004,1.00) (003,0.00) (002,0.00)
L- 24 H:9.183e-01,Q:000006 tau:-0.670423332274
R- 23 H:6.887e-01,Q:000004 tau:-0.624562651672
RG 22 H:3.965e-36,Q:000003 (cl,P):(004,1.00) (003,0.00) (002,0.00)
LQ 22 H:5.924e-36,Q:000001 (cl,P):(003,1.00) (004,0.00) (002,0.00)
LG 23 H:2.986e-36,Q:000002 (cl,P):(003,1.00) (004,0.00) (002,0.00)
L- 26 H:6.649e-01,Q:000034 tau:0.155295818589
R- 25 H:8.455e-01,Q:000009 tau:0.354505659589
RG 24 H:2.394e-36,Q:000005 (cl,P):(002,1.00) (004,0.00) (003,0.00)
L- 24 H:5.000e-01,Q:000004 tau:-0.829567957842
RQ 23 H:5.924e-36,Q:000001 (cl,P):(003,1.00) (004,0.00) (002,0.00)
LG 23 H:3.965e-36,Q:000003 (cl,P):(003,0.67) (002,0.33) (004,0.00)
LG 25 H:4.876e-37,Q:000025 (cl,P):(003,1.00) (004,0.00) (002,0.00)
------ 2014-10-25 21:46:42
*- 30 H:2.322e+00,Q:001000 tau:0.55817780531
R- 29 H:1.485e+00,Q:000112 tau:0.201672293921
R- 28 H:1.123e+00,Q:000039 tau:0.578155408949
RG 27 H:1.715e-36,Q:000007 (cl,P):(001,1.00) (004,0.00) (003,0.00)
L- 27 H:1.096e+00,Q:000032 tau:0.763942872598
R- 26 H:8.711e-01,Q:000017 tau:0.248624175428
R- 25 H:3.765e-01,Q:000011 tau:0.305256625452
RG 24 H:1.710e-36,Q:000007 (cl,P):(001,1.00) (004,0.00) (003,0.00)
LG 24 H:2.981e-36,Q:000004 (cl,P):(001,0.75) (002,0.25) (004,0.00)
L- 25 H:6.667e-01,Q:000006 tau:0.245229692504
RQ 24 H:5.924e-36,Q:000002 (cl,P):(002,0.50) (001,0.50) (004,0.00)
L- 24 H:6.887e-01,Q:000004 tau:0.970169630689
RQ 23 H:5.924e-36,Q:000001 (cl,P):(001,1.00) (004,0.00) (003,0.00)
LG 23 H:3.965e-36,Q:000003 (cl,P):(002,1.00) (004,0.00) (003,0.00)
L- 26 H:2.899e-01,Q:000015 tau:0.692390161599
RG 25 H:1.717e-36,Q:000007 (cl,P):(002,1.00) (004,0.00) (003,0.00)
L- 25 H:4.056e-01,Q:000008 tau:0.615652718006
RG 24 H:2.981e-36,Q:000004 (cl,P):(002,0.75) (003,0.25) (004,0.00)
LG 24 H:2.981e-36,Q:000004 (cl,P):(002,1.00) (004,0.00) (003,0.00)
L- 28 H:1.125e+00,Q:000073 tau:0.797438593101
R- 27 H:3.186e-01,Q:000026 tau:0.934059004999
R- 26 H:8.000e-01,Q:000005 tau:0.961339865852
RG 25 H:2.986e-36,Q:000002 (cl,P):(001,1.00) (004,0.00) (003,0.00)
LG 25 H:3.965e-36,Q:000003 (cl,P):(002,1.00) (004,0.00) (003,0.00)
LG 26 H:5.794e-37,Q:000021 (cl,P):(002,1.00) (004,0.00) (003,0.00)
L- 27 H:7.848e-01,Q:000047 tau:-0.500811526448
R- 26 H:2.588e-01,Q:000035 tau:0.735521589418
R- 25 H:5.510e-01,Q:000005 tau:0.790712331274
RG 24 H:3.965e-36,Q:000003 (cl,P):(002,0.67) (003,0.33) (004,0.00)
LQ 24 H:5.924e-36,Q:000002 (cl,P):(003,1.00) (004,0.00) (002,0.00)
LG 25 H:4.072e-37,Q:000030 (cl,P):(003,1.00) (004,0.00) (002,0.00)
L- 26 H:5.747e-01,Q:000012 tau:0.564301103366
RG 25 H:1.339e-36,Q:000009 (cl,P):(002,1.00) (004,0.00) (003,0.00)
LG 25 H:2.000e-36,Q:000003 (cl,P):(003,1.00) (004,0.00) (002,0.00)
L- 29 H:2.312e+00,Q:000888 tau:-0.603044747685
R- 28 H:2.300e+00,Q:000805 tau:0.361617971427
R- 27 H:2.009e+00,Q:000181 tau:0.714201369365
R- 26 H:9.614e-01,Q:000053 tau:0.873083607718
R- 25 H:2.718e-01,Q:000016 tau:0.888944369028
RG 24 H:8.651e-37,Q:000014 (cl,P):(000,1.00) (004,0.00) (003,0.00)
L- 24 H:1.000e+00,Q:000002 tau:0.87726947541
RQ 23 H:5.924e-36,Q:000001 (cl,P):(000,1.00) (004,0.00) (003,0.00)
LQ 23 H:5.924e-36,Q:000001 (cl,P):(001,1.00) (004,0.00) (003,0.00)
L- 25 H:6.261e-01,Q:000037 tau:-0.277616966672
RG 24 H:3.942e-37,Q:000031 (cl,P):(001,1.00) (004,0.00) (003,0.00)
LG 24 H:1.998e-36,Q:000006 (cl,P):(000,1.00) (004,0.00) (003,0.00)
L- 26 H:1.818e+00,Q:000128 tau:-0.376723353502
R- 25 H:1.119e+00,Q:000097 tau:0.5549932249
R- 24 H:3.157e-01,Q:000035 tau:-0.143228953575
R- 23 H:1.587e-01,Q:000034 tau:0.581775415582
RG 22 H:3.942e-37,Q:000031 (cl,P):(002,1.00) (004,0.00) (003,0.00)
L- 22 H:6.667e-01,Q:000003 tau:0.178953630971
RQ 21 H:5.924e-36,Q:000002 (cl,P):(002,1.00) (004,0.00) (003,0.00)
LQ 21 H:5.924e-36,Q:000001 (cl,P):(003,1.00) (004,0.00) (002,0.00)
LQ 23 H:5.924e-36,Q:000001 (cl,P):(001,1.00) (004,0.00) (003,0.00)
L- 24 H:9.825e-01,Q:000062 tau:-0.130837121759
R- 23 H:4.128e-01,Q:000045 tau:0.506581869517
R- 22 H:6.935e-01,Q:000007 tau:0.0733515429242
R- 21 H:6.490e-01,Q:000005 tau:0.418909817447
RG 20 H:2.000e-36,Q:000003 (cl,P):(002,1.00) (004,0.00) (003,0.00)
LQ 20 H:5.924e-36,Q:000002 (cl,P):(003,1.00) (004,0.00) (002,0.00)
LQ 21 H:5.924e-36,Q:000002 (cl,P):(003,1.00) (004,0.00) (002,0.00)
L- 22 H:1.526e-01,Q:000038 tau:0.400688720184
RG 21 H:4.360e-37,Q:000028 (cl,P):(003,1.00) (004,0.00) (002,0.00)
L- 21 H:3.900e-01,Q:000010 tau:0.391697088012
R- 20 H:6.667e-01,Q:000003 tau:-0.0810764530754
RQ 19 H:5.924e-36,Q:000002 (cl,P):(004,0.50) (003,0.50) (002,0.00)
LQ 19 H:5.924e-36,Q:000001 (cl,P):(003,1.00) (004,0.00) (002,0.00)
LG 20 H:1.717e-36,Q:000007 (cl,P):(003,1.00) (004,0.00) (002,0.00)
L- 23 H:2.558e-01,Q:000017 tau:-0.268309772014
R- 22 H:4.591e-01,Q:000006 tau:-0.135519925087
RQ 21 H:5.924e-36,Q:000001 (cl,P):(003,1.00) (004,0.00) (002,0.00)
LG 21 H:2.394e-36,Q:000005 (cl,P):(002,1.00) (004,0.00) (003,0.00)
LG 22 H:1.098e-36,Q:000011 (cl,P):(002,1.00) (004,0.00) (003,0.00)
L- 25 H:1.258e+00,Q:000031 tau:-0.577378603921
R- 24 H:7.780e-01,Q:000017 tau:0.435547700626
R- 23 H:3.008e-01,Q:000012 tau:0.701962805378
RQ 22 H:5.924e-36,Q:000001 (cl,P):(000,1.00) (004,0.00) (003,0.00)
LG 22 H:1.098e-36,Q:000011 (cl,P):(001,1.00) (004,0.00) (003,0.00)
L- 23 H:6.490e-01,Q:000005 tau:-0.427721047491
RQ 22 H:5.924e-36,Q:000002 (cl,P):(002,1.00) (004,0.00) (003,0.00)
LG 22 H:2.000e-36,Q:000003 (cl,P):(001,1.00) (004,0.00) (003,0.00)
L- 24 H:7.422e-01,Q:000014 tau:0.566783555312
RG 23 H:1.504e-36,Q:000008 (cl,P):(000,1.00) (004,0.00) (003,0.00)
L- 23 H:9.183e-01,Q:000006 tau:0.451650996632
RG 22 H:3.965e-36,Q:000003 (cl,P):(000,1.00) (004,0.00) (003,0.00)
LG 22 H:3.965e-36,Q:000003 (cl,P):(001,1.00) (004,0.00) (003,0.00)
L- 27 H:2.259e+00,Q:000624 tau:0.217265106812
R- 26 H:1.386e+00,Q:000134 tau:0.417696017538
R- 25 H:5.897e-01,Q:000047 tau:0.302686937443
RG 24 H:2.986e-36,Q:000004 (cl,P):(003,1.00) (004,0.00) (002,0.00)
L- 24 H:2.988e-01,Q:000043 tau:-0.481685829064
R- 23 H:1.450e-01,Q:000040 tau:0.107568743695
R- 22 H:5.409e-01,Q:000006 tau:0.537529652823
RQ 21 H:5.924e-36,Q:000001 (cl,P):(003,1.00) (004,0.00) (002,0.00)
LG 21 H:2.394e-36,Q:000005 (cl,P):(004,1.00) (003,0.00) (002,0.00)
LG 22 H:3.598e-37,Q:000034 (cl,P):(004,1.00) (003,0.00) (002,0.00)
LG 23 H:3.965e-36,Q:000003 (cl,P):(003,0.67) (004,0.33) (002,0.00)
L- 25 H:1.158e+00,Q:000087 tau:0.163355045375
R- 24 H:2.931e-01,Q:000016 tau:0.359742755872
RQ 23 H:5.924e-36,Q:000002 (cl,P):(004,0.50) (003,0.50) (002,0.00)
LG 23 H:8.648e-37,Q:000014 (cl,P):(004,1.00) (003,0.00) (002,0.00)
L- 24 H:8.924e-01,Q:000071 tau:-0.426796733567
R- 23 H:4.639e-01,Q:000059 tau:0.121720821279
RG 22 H:2.394e-36,Q:000005 (cl,P):(000,0.60) (004,0.40) (003,0.00)
L- 22 H:3.024e-01,Q:000054 tau:0.263456165653
RG 21 H:2.990e-37,Q:000041 (cl,P):(000,1.00) (004,0.00) (003,0.00)
L- 21 H:7.648e-01,Q:000013 tau:0.245357695907
R- 20 H:3.936e-01,Q:000007 tau:0.00689455899475
RG 19 H:3.965e-36,Q:000003 (cl,P):(000,1.00) (004,0.00) (003,0.00)
L- 19 H:5.000e-01,Q:000004 tau:0.260469860477
RQ 18 H:5.924e-36,Q:000002 (cl,P):(001,0.50) (000,0.50) (004,0.00)
LQ 18 H:5.924e-36,Q:000002 (cl,P):(000,1.00) (004,0.00) (003,0.00)
L- 20 H:4.591e-01,Q:000006 tau:-0.19215480572
RG 19 H:3.965e-36,Q:000003 (cl,P):(001,0.67) (000,0.33) (004,0.00)
LG 19 H:3.965e-36,Q:000003 (cl,P):(000,1.00) (004,0.00) (003,0.00)
L- 23 H:6.459e-01,Q:000012 tau:-0.464850450237
R- 22 H:6.887e-01,Q:000004 tau:0.385363086904
RG 21 H:2.986e-36,Q:000002 (cl,P):(004,1.00) (003,0.00) (002,0.00)
LQ 21 H:5.924e-36,Q:000002 (cl,P):(000,1.00) (004,0.00) (003,0.00)
LG 22 H:1.505e-36,Q:000008 (cl,P):(004,1.00) (003,0.00) (002,0.00)
L- 26 H:2.293e+00,Q:000490 tau:-0.688368753963
R- 25 H:2.275e+00,Q:000429 tau:-0.112592289317
R- 24 H:2.275e+00,Q:000252 tau:-0.316347498664
R- 23 H:2.069e+00,Q:000195 tau:-0.0199772781542
R- 22 H:1.854e+00,Q:000086 tau:0.0734059016052
R- 21 H:9.504e-01,Q:000051 tau:0.204330109328
R- 20 H:2.417e-01,Q:000020 tau:0.26770027383
RG 19 H:8.081e-37,Q:000015 (cl,P):(004,1.00) (003,0.00) (002,0.00)
L- 19 H:5.510e-01,Q:000005 tau:0.241114898964
RG 18 H:2.986e-36,Q:000004 (cl,P):(004,1.00) (003,0.00) (002,0.00)
LQ 18 H:5.924e-36,Q:000001 (cl,P):(000,1.00) (004,0.00) (003,0.00)
LG 20 H:3.942e-37,Q:000031 (cl,P):(000,1.00) (004,0.00) (003,0.00)
L- 21 H:7.753e-01,Q:000035 tau:0.0915716871515
R- 20 H:3.620e-01,Q:000029 tau:0.117850169729
RG 19 H:5.296e-37,Q:000023 (cl,P):(001,1.00) (004,0.00) (003,0.00)
L- 19 H:9.183e-01,Q:000006 tau:-0.0820348529624
R- 18 H:5.510e-01,Q:000005 tau:0.108928069026
RQ 17 H:5.924e-36,Q:000001 (cl,P):(002,1.00) (004,0.00) (003,0.00)
LG 17 H:2.986e-36,Q:000004 (cl,P):(001,1.00) (004,0.00) (003,0.00)
LQ 18 H:5.924e-36,Q:000001 (cl,P):(002,1.00) (004,0.00) (003,0.00)
LG 20 H:2.000e-36,Q:000006 (cl,P):(002,1.00) (004,0.00) (003,0.00)
L- 22 H:1.007e+00,Q:000109 tau:-0.158710124182
R- 21 H:9.693e-01,Q:000055 tau:-0.00118429624845
R- 20 H:1.449e-01,Q:000039 tau:0.125870208719
RG 19 H:4.877e-37,Q:000025 (cl,P):(004,1.00) (003,0.00) (002,0.00)
L- 19 H:2.786e-01,Q:000014 tau:-0.0888628606962
RG 18 H:2.981e-36,Q:000004 (cl,P):(004,0.75) (000,0.25) (003,0.00)
LG 18 H:1.207e-36,Q:000010 (cl,P):(004,1.00) (003,0.00) (002,0.00)
LG 20 H:7.581e-37,Q:000016 (cl,P):(003,1.00) (004,0.00) (002,0.00)
L- 21 H:2.285e-01,Q:000054 tau:-0.208435758661
R- 20 H:5.620e-01,Q:000015 tau:-0.194747663356
RG 19 H:1.207e-36,Q:000010 (cl,P):(003,1.00) (004,0.00) (002,0.00)
L- 19 H:6.490e-01,Q:000005 tau:0.0982477590507
R- 18 H:6.667e-01,Q:000003 tau:0.126842265824
RQ 17 H:5.924e-36,Q:000002 (cl,P):(004,0.50) (003,0.50) (002,0.00)
LQ 17 H:5.924e-36,Q:000001 (cl,P):(004,1.00) (003,0.00) (002,0.00)
LG 18 H:2.986e-36,Q:000002 (cl,P):(003,1.00) (004,0.00) (002,0.00)
LG 20 H:3.141e-37,Q:000039 (cl,P):(003,1.00) (004,0.00) (002,0.00)
L- 23 H:1.089e+00,Q:000057 tau:-0.486688493889
R- 22 H:1.767e-01,Q:000030 tau:-0.0853366958774
RG 21 H:4.691e-37,Q:000026 (cl,P):(002,1.00) (004,0.00) (003,0.00)
L- 21 H:6.887e-01,Q:000004 tau:-0.384747695886
RG 20 H:3.965e-36,Q:000003 (cl,P):(002,1.00) (004,0.00) (003,0.00)
LQ 20 H:5.924e-36,Q:000001 (cl,P):(001,1.00) (004,0.00) (003,0.00)
L- 22 H:3.809e-01,Q:000027 tau:0.301325329562
RQ 21 H:5.924e-36,Q:000002 (cl,P):(001,0.50) (000,0.50) (004,0.00)
L- 21 H:2.034e-01,Q:000025 tau:-0.543349530365
R- 20 H:5.000e-01,Q:000004 tau:-0.50067311377
RQ 19 H:5.924e-36,Q:000001 (cl,P):(002,1.00) (004,0.00) (003,0.00)
LG 19 H:3.965e-36,Q:000003 (cl,P):(001,1.00) (004,0.00) (003,0.00)
LG 20 H:5.794e-37,Q:000021 (cl,P):(001,1.00) (004,0.00) (003,0.00)
L- 24 H:1.675e+00,Q:000177 tau:-0.405654584891
R- 23 H:1.240e+00,Q:000127 tau:-0.374438977408
R- 22 H:9.986e-01,Q:000102 tau:-0.259462422206
R- 21 H:8.051e-01,Q:000065 tau:0.125394051159
RG 20 H:7.582e-37,Q:000016 (cl,P):(001,1.00) (004,0.00) (003,0.00)
LG 20 H:2.507e-37,Q:000049 (cl,P):(002,1.00) (004,0.00) (003,0.00)
L- 21 H:3.976e-01,Q:000037 tau:-0.297547007973
R- 20 H:4.349e-01,Q:000010 tau:-0.285152603891
RG 19 H:1.502e-36,Q:000008 (cl,P):(001,0.75) (002,0.25) (004,0.00)
LG 19 H:1.000e+00,Q:000002 (cl,P):(002,0.50) (001,0.50) (004,0.00)
LG 20 H:4.518e-37,Q:000027 (cl,P):(001,1.00) (004,0.00) (003,0.00)
L- 22 H:8.553e-01,Q:000025 tau:-0.586908652462
R- 21 H:5.871e-01,Q:000021 tau:-0.32233049118
RG 20 H:7.141e-37,Q:000017 (cl,P):(001,1.00) (004,0.00) (003,0.00)
L- 20 H:6.887e-01,Q:000004 tau:-0.387022505506
RQ 19 H:5.924e-36,Q:000001 (cl,P):(001,1.00) (004,0.00) (003,0.00)
LG 19 H:3.965e-36,Q:000003 (cl,P):(000,1.00) (004,0.00) (003,0.00)
LG 21 H:2.986e-36,Q:000004 (cl,P):(000,1.00) (004,0.00) (003,0.00)
L- 23 H:8.413e-01,Q:000050 tau:-0.479196019497
R- 22 H:5.138e-01,Q:000043 tau:-0.44762804318
R- 21 H:1.000e+00,Q:000010 tau:-0.403847183512
R- 20 H:9.056e-01,Q:000008 tau:-0.44098165176
R- 19 H:5.510e-01,Q:000005 tau:0.203870742327
RQ 18 H:5.924e-36,Q:000001 (cl,P):(000,1.00) (004,0.00) (003,0.00)
L- 18 H:5.000e-01,Q:000004 tau:-0.432148922466
RQ 17 H:5.924e-36,Q:000002 (cl,P):(001,1.00) (004,0.00) (003,0.00)
LQ 17 H:5.924e-36,Q:000002 (cl,P):(001,0.50) (000,0.50) (004,0.00)
L- 19 H:6.667e-01,Q:000003 tau:-0.443742551903
RQ 18 H:5.924e-36,Q:000001 (cl,P):(000,1.00) (004,0.00) (003,0.00)
LQ 18 H:5.924e-36,Q:000002 (cl,P):(001,1.00) (004,0.00) (003,0.00)
LG 20 H:2.986e-36,Q:000002 (cl,P):(000,1.00) (004,0.00) (003,0.00)
LG 21 H:3.706e-37,Q:000033 (cl,P):(000,1.00) (004,0.00) (003,0.00)
L- 22 H:9.793e-01,Q:000007 tau:-0.575939743833
R- 21 H:6.887e-01,Q:000004 tau:-0.45071478488
RG 20 H:3.965e-36,Q:000003 (cl,P):(000,1.00) (004,0.00) (003,0.00)
LQ 20 H:5.924e-36,Q:000001 (cl,P):(004,1.00) (003,0.00) (002,0.00)
LG 21 H:3.965e-36,Q:000003 (cl,P):(004,1.00) (003,0.00) (002,0.00)
L- 25 H:1.087e+00,Q:000061 tau:-0.842611291146
R- 24 H:8.463e-01,Q:000040 tau:-0.177147383353
RG 23 H:4.691e-37,Q:000026 (cl,P):(000,1.00) (004,0.00) (003,0.00)
L- 23 H:7.422e-01,Q:000014 tau:-0.375342575756
R- 22 H:9.510e-01,Q:000005 tau:-0.206262970547
RQ 21 H:5.924e-36,Q:000002 (cl,P):(000,1.00) (004,0.00) (003,0.00)
L- 21 H:6.667e-01,Q:000003 tau:-0.695735653357
RQ 20 H:5.924e-36,Q:000001 (cl,P):(000,1.00) (004,0.00) (003,0.00)
LQ 20 H:5.924e-36,Q:000002 (cl,P):(004,1.00) (003,0.00) (002,0.00)
LG 22 H:1.339e-36,Q:000009 (cl,P):(004,1.00) (003,0.00) (002,0.00)
L- 24 H:2.302e-01,Q:000021 tau:-0.258148968999
RG 23 H:6.397e-37,Q:000019 (cl,P):(004,1.00) (003,0.00) (002,0.00)
LQ 23 H:5.924e-36,Q:000002 (cl,P):(004,0.50) (003,0.50) (002,0.00)
L- 28 H:1.136e+00,Q:000083 tau:-0.790169792601
R- 27 H:8.404e-01,Q:000052 tau:0.285494504822
R- 26 H:3.250e-01,Q:000012 tau:-0.637797369254
RQ 25 H:5.924e-36,Q:000002 (cl,P):(004,0.50) (003,0.50) (002,0.00)
LG 25 H:1.207e-36,Q:000010 (cl,P):(003,1.00) (004,0.00) (002,0.00)
L- 26 H:3.777e-01,Q:000040 tau:-0.660046431195
R- 25 H:1.487e-01,Q:000038 tau:0.200490514346
R- 24 H:6.667e-01,Q:000003 tau:-0.623083706835
RQ 23 H:5.924e-36,Q:000001 (cl,P):(004,1.00) (003,0.00) (002,0.00)
LQ 23 H:5.924e-36,Q:000002 (cl,P):(004,0.50) (003,0.50) (002,0.00)
LG 24 H:3.496e-37,Q:000035 (cl,P):(004,1.00) (003,0.00) (002,0.00)
LQ 25 H:5.924e-36,Q:000002 (cl,P):(003,1.00) (004,0.00) (002,0.00)
L- 27 H:3.446e-01,Q:000031 tau:0.278433743018
R- 26 H:6.667e-01,Q:000003 tau:-0.795928352659
RQ 25 H:5.924e-36,Q:000001 (cl,P):(003,1.00) (004,0.00) (002,0.00)
LQ 25 H:5.924e-36,Q:000002 (cl,P):(002,1.00) (004,0.00) (003,0.00)
LG 26 H:4.360e-37,Q:000028 (cl,P):(003,1.00) (004,0.00) (002,0.00)
------ training
*- 30 H:2.322e+00,Q:001000 tau:-0.61739366888
R- 29 H:2.313e+00,Q:000916 tau:0.499607476779
R- 28 H:1.539e+00,Q:000119 tau:0.702993658985
R- 27 H:9.522e-01,Q:000053 tau:0.881948957686
RG 26 H:8.652e-37,Q:000014 (cl,P):(000,1.00) (004,0.00) (003,0.00)
L- 26 H:6.172e-01,Q:000039 tau:-0.298228790184
RG 25 H:3.705e-37,Q:000033 (cl,P):(001,1.00) (004,0.00) (003,0.00)
LG 25 H:2.000e-36,Q:000006 (cl,P):(000,1.00) (004,0.00) (003,0.00)
L- 27 H:1.188e+00,Q:000066 tau:-0.281765516742
R- 26 H:8.820e-01,Q:000052 tau:0.640072105586
R- 25 H:3.765e-01,Q:000011 tau:0.616973306374
RG 24 H:1.717e-36,Q:000007 (cl,P):(001,1.00) (004,0.00) (003,0.00)
L- 24 H:6.887e-01,Q:000004 tau:0.523076997734
RQ 23 H:5.924e-36,Q:000002 (cl,P):(001,1.00) (004,0.00) (003,0.00)
LG 23 H:1.000e+00,Q:000002 (cl,P):(002,0.50) (001,0.50) (004,0.00)
L- 25 H:4.169e-01,Q:000041 tau:-0.210837219839
R- 24 H:2.864e-01,Q:000038 tau:0.696683794769
RQ 23 H:5.924e-36,Q:000001 (cl,P):(001,1.00) (004,0.00) (003,0.00)
L- 23 H:1.459e-01,Q:000037 tau:0.535131129889
RG 22 H:3.705e-37,Q:000033 (cl,P):(002,1.00) (004,0.00) (003,0.00)
L- 22 H:6.887e-01,Q:000004 tau:0.534670977631
RQ 21 H:5.924e-36,Q:000001 (cl,P):(003,1.00) (004,0.00) (002,0.00)
LG 21 H:3.965e-36,Q:000003 (cl,P):(002,1.00) (004,0.00) (003,0.00)
LG 24 H:3.965e-36,Q:000003 (cl,P):(002,0.67) (001,0.33) (004,0.00)
L- 26 H:8.703e-01,Q:000014 tau:-0.314051068855
RQ 25 H:5.924e-36,Q:000002 (cl,P):(002,0.50) (001,0.50) (004,0.00)
L- 25 H:6.500e-01,Q:000012 tau:-0.516970215354
RG 24 H:1.339e-36,Q:000009 (cl,P):(001,1.00) (004,0.00) (003,0.00)
L- 24 H:6.667e-01,Q:000003 tau:0.642493397913
RQ 23 H:5.924e-36,Q:000002 (cl,P):(000,1.00) (004,0.00) (003,0.00)
LQ 23 H:5.924e-36,Q:000001 (cl,P):(001,1.00) (004,0.00) (003,0.00)
L- 28 H:2.307e+00,Q:000797 tau:0.597276729524
R- 27 H:1.342e+00,Q:000096 tau:0.738815371411
R- 26 H:8.084e-01,Q:000048 tau:0.238628263667
R- 25 H:8.305e-01,Q:000013 tau:0.835377000536
RG 24 H:1.339e-36,Q:000009 (cl,P):(001,1.00) (004,0.00) (003,0.00)
LG 24 H:2.981e-36,Q:000004 (cl,P):(002,1.00) (004,0.00) (003,0.00)
L- 25 H:1.568e-01,Q:000035 tau:0.752023990264
RG 24 H:3.706e-37,Q:000033 (cl,P):(002,1.00) (004,0.00) (003,0.00)
L- 24 H:1.000e+00,Q:000002 tau:0.153266728099
RQ 23 H:5.924e-36,Q:000001 (cl,P):(002,1.00) (004,0.00) (003,0.00)
LQ 23 H:5.924e-36,Q:000001 (cl,P):(003,1.00) (004,0.00) (002,0.00)
L- 26 H:7.760e-01,Q:000048 tau:0.357139610979
RG 25 H:1.717e-36,Q:000007 (cl,P):(002,1.00) (004,0.00) (003,0.00)
L- 25 H:4.612e-01,Q:000041 tau:-0.610526499199
R- 24 H:2.405e-01,Q:000039 tau:0.670205889369
R- 23 H:4.046e-01,Q:000012 tau:0.676454771593
R- 22 H:3.061e-01,Q:000009 tau:0.711105836192
RG 21 H:2.389e-36,Q:000005 (cl,P):(003,0.80) (002,0.20) (004,0.00)
L- 21 H:5.000e-01,Q:000004 tau:-0.173378064426
RQ 20 H:5.924e-36,Q:000002 (cl,P):(003,1.00) (004,0.00) (002,0.00)
LQ 20 H:5.924e-36,Q:000002 (cl,P):(003,0.50) (002,0.50) (004,0.00)
LG 22 H:3.965e-36,Q:000003 (cl,P):(003,1.00) (004,0.00) (002,0.00)
LG 23 H:4.519e-37,Q:000027 (cl,P):(003,1.00) (004,0.00) (002,0.00)
LG 24 H:2.986e-36,Q:000002 (cl,P):(002,1.00) (004,0.00) (003,0.00)
L- 27 H:2.306e+00,Q:000701 tau:0.229419072596
R- 26 H:1.738e+00,Q:000168 tau:0.401226293179
R- 25 H:1.196e+00,Q:000068 tau:0.228828427621
R- 24 H:8.129e-01,Q:000020 tau:0.408852743642
R- 23 H:4.046e-01,Q:000017 tau:0.387976010122
R- 22 H:4.591e-01,Q:000006 tau:0.501715670281
RG 21 H:3.965e-36,Q:000003 (cl,P):(002,0.67) (003,0.33) (004,0.00)
LG 21 H:3.965e-36,Q:000003 (cl,P):(003,1.00) (004,0.00) (002,0.00)
LG 22 H:1.098e-36,Q:000011 (cl,P):(003,1.00) (004,0.00) (002,0.00)
L- 23 H:6.667e-01,Q:000003 tau:0.29478289607
RQ 22 H:5.924e-36,Q:000002 (cl,P):(004,0.50) (003,0.50) (002,0.00)
LQ 22 H:5.924e-36,Q:000001 (cl,P):(004,1.00) (003,0.00) (002,0.00)
L- 24 H:8.718e-01,Q:000048 tau:-0.471966477413
R- 23 H:1.562e-01,Q:000038 tau:0.193512825745
RQ 22 H:5.924e-36,Q:000002 (cl,P):(004,0.50) (003,0.50) (002,0.00)
LG 22 H:3.399e-37,Q:000036 (cl,P):(004,1.00) (003,0.00) (002,0.00)
L- 23 H:1.080e+00,Q:000010 tau:-0.706408986355
R- 22 H:4.875e-01,Q:000008 tau:-0.482698850518
RQ 21 H:5.924e-36,Q:000001 (cl,P):(004,1.00) (003,0.00) (002,0.00)
LG 21 H:1.715e-36,Q:000007 (cl,P):(003,1.00) (004,0.00) (002,0.00)
LQ 22 H:5.924e-36,Q:000002 (cl,P):(002,1.00) (004,0.00) (003,0.00)
L- 25 H:1.539e+00,Q:000100 tau:0.257017726864
R- 24 H:9.586e-01,Q:000021 tau:0.383022484452
RG 23 H:1.504e-36,Q:000008 (cl,P):(003,1.00) (004,0.00) (002,0.00)
LG 23 H:9.307e-37,Q:000013 (cl,P):(004,1.00) (003,0.00) (002,0.00)
L- 24 H:1.282e+00,Q:000079 tau:-0.468451742487
R- 23 H:2.977e-01,Q:000056 tau:-0.39566361084
R- 22 H:1.188e-01,Q:000051 tau:0.257129302773
RG 21 H:2.852e-37,Q:000043 (cl,P):(000,1.00) (004,0.00) (003,0.00)
L- 21 H:3.444e-01,Q:000008 tau:0.252111389142
RQ 20 H:5.924e-36,Q:000001 (cl,P):(000,1.00) (004,0.00) (003,0.00)
L- 20 H:2.857e-01,Q:000007 tau:0.145916864777
RQ 19 H:5.924e-36,Q:000002 (cl,P):(000,1.00) (004,0.00) (003,0.00)
LG 19 H:2.389e-36,Q:000005 (cl,P):(000,0.80) (001,0.20) (004,0.00)
L- 22 H:5.510e-01,Q:000005 tau:-0.455059341719
RG 21 H:2.986e-36,Q:000004 (cl,P):(004,0.50) (000,0.50) (003,0.00)
LQ 21 H:5.924e-36,Q:000001 (cl,P):(000,1.00) (004,0.00) (003,0.00)
L- 23 H:1.029e+00,Q:000023 tau:-0.663915028694
RG 22 H:8.648e-37,Q:000014 (cl,P):(004,1.00) (003,0.00) (002,0.00)
L- 22 H:7.211e-01,Q:000009 tau:-0.829729085762
RG 21 H:2.389e-36,Q:000005 (cl,P):(003,1.00) (004,0.00) (002,0.00)
L- 21 H:1.000e+00,Q:000004 tau:0.269616500222
RG 20 H:2.986e-36,Q:000002 (cl,P):(002,1.00) (004,0.00) (003,0.00)
LG 20 H:2.986e-36,Q:000002 (cl,P):(003,1.00) (004,0.00) (002,0.00)
L- 26 H:2.298e+00,Q:000533 tau:-0.460360159541
R- 25 H:2.233e+00,Q:000438 tau:-0.125671275784
R- 24 H:2.251e+00,Q:000298 tau:-0.325113277195
R- 23 H:2.059e+00,Q:000230 tau:-0.0106909848628
R- 22 H:2.169e+00,Q:000105 tau:0.193717156536
R- 21 H:1.121e+00,Q:000036 tau:0.381338365846
RG 20 H:8.080e-37,Q:000015 (cl,P):(003,1.00) (004,0.00) (002,0.00)
L- 20 H:2.422e-01,Q:000021 tau:0.245357163784
RG 19 H:6.394e-37,Q:000019 (cl,P):(004,1.00) (003,0.00) (002,0.00)
LQ 19 H:5.924e-36,Q:000002 (cl,P):(004,0.50) (000,0.50) (003,0.00)
L- 21 H:1.397e+00,Q:000069 tau:0.0659656374288
R- 20 H:1.614e-01,Q:000034 tau:0.0974892599199
RG 19 H:4.360e-37,Q:000028 (cl,P):(000,1.00) (004,0.00) (003,0.00)
L- 19 H:4.591e-01,Q:000006 tau:0.0832420332756
RG 18 H:2.981e-36,Q:000004 (cl,P):(000,1.00) (004,0.00) (003,0.00)
L- 18 H:1.000e+00,Q:000002 tau:0.192437242947
RQ 17 H:5.924e-36,Q:000001 (cl,P):(000,1.00) (004,0.00) (003,0.00)
LQ 17 H:5.924e-36,Q:000001 (cl,P):(001,1.00) (004,0.00) (003,0.00)
L- 20 H:7.753e-01,Q:000035 tau:0.046360384109
R- 19 H:4.599e-01,Q:000030 tau:-0.11579421215
R- 18 H:2.958e-01,Q:000028 tau:-0.0344472419186
RG 17 H:7.581e-37,Q:000016 (cl,P):(001,1.00) (004,0.00) (003,0.00)
L- 17 H:4.046e-01,Q:000012 tau:0.130466196225
RG 16 H:1.206e-36,Q:000010 (cl,P):(001,1.00) (004,0.00) (003,0.00)
LG 16 H:2.986e-36,Q:000002 (cl,P):(002,1.00) (004,0.00) (003,0.00)
LQ 18 H:5.924e-36,Q:000002 (cl,P):(002,0.50) (001,0.50) (004,0.00)
LG 19 H:2.394e-36,Q:000005 (cl,P):(002,1.00) (004,0.00) (003,0.00)
L- 22 H:1.152e+00,Q:000125 tau:-0.167097542003
R- 21 H:9.895e-01,Q:000075 tau:-0.0281136554955
R- 20 H:8.314e-01,Q:000057 tau:0.344183004442
RG 19 H:9.310e-37,Q:000013 (cl,P):(003,1.00) (004,0.00) (002,0.00)
L- 19 H:2.667e-01,Q:000044 tau:0.323772915813
R- 18 H:1.000e+00,Q:000002 tau:0.333804429939
RQ 17 H:5.924e-36,Q:000001 (cl,P):(004,1.00) (003,0.00) (002,0.00)
LQ 17 H:5.924e-36,Q:000001 (cl,P):(003,1.00) (004,0.00) (002,0.00)
L- 18 H:1.381e-01,Q:000042 tau:-0.00111113446229
RG 17 H:2.990e-37,Q:000041 (cl,P):(004,1.00) (003,0.00) (002,0.00)
LQ 17 H:5.924e-36,Q:000001 (cl,P):(003,1.00) (004,0.00) (002,0.00)
LG 20 H:6.748e-37,Q:000018 (cl,P):(003,1.00) (004,0.00) (002,0.00)
L- 21 H:4.920e-01,Q:000050 tau:0.452293368148
RG 20 H:2.389e-36,Q:000005 (cl,P):(002,1.00) (004,0.00) (003,0.00)
L- 20 H:1.319e-01,Q:000045 tau:-0.0735183813909
RG 19 H:2.852e-37,Q:000043 (cl,P):(003,1.00) (004,0.00) (002,0.00)
LQ 19 H:5.924e-36,Q:000002 (cl,P):(003,0.50) (002,0.50) (004,0.00)
L- 23 H:9.773e-01,Q:000068 tau:-0.457535246838
RG 22 H:3.223e-37,Q:000038 (cl,P):(002,1.00) (004,0.00) (003,0.00)
L- 22 H:2.833e-01,Q:000030 tau:-0.521730958639
R- 21 H:8.000e-01,Q:000005 tau:-0.490447751547
R- 20 H:9.183e-01,Q:000003 tau:-0.472543048073
RQ 19 H:5.924e-36,Q:000001 (cl,P):(001,1.00) (004,0.00) (003,0.00)
L- 19 H:1.000e+00,Q:000002 tau:-0.480154598134
RQ 18 H:5.924e-36,Q:000001 (cl,P):(002,1.00) (004,0.00) (003,0.00)
LQ 18 H:5.924e-36,Q:000001 (cl,P):(001,1.00) (004,0.00) (003,0.00)
LQ 20 H:5.924e-36,Q:000002 (cl,P):(002,0.50) (001,0.50) (004,0.00)
LG 21 H:4.876e-37,Q:000025 (cl,P):(001,1.00) (004,0.00) (003,0.00)
L- 24 H:1.326e+00,Q:000140 tau:-0.251009927224
R- 23 H:1.030e+00,Q:000080 tau:-0.374814225377
R- 22 H:7.830e-01,Q:000064 tau:0.131581591202
RG 21 H:8.080e-37,Q:000015 (cl,P):(001,1.00) (004,0.00) (003,0.00)
LG 21 H:2.507e-37,Q:000049 (cl,P):(002,1.00) (004,0.00) (003,0.00)
L- 22 H:2.589e-01,Q:000016 tau:-0.590423213413
RG 21 H:8.080e-37,Q:000015 (cl,P):(001,1.00) (004,0.00) (003,0.00)
LQ 21 H:5.924e-36,Q:000001 (cl,P):(000,1.00) (004,0.00) (003,0.00)
L- 23 H:9.186e-01,Q:000060 tau:-0.360888341411
R- 22 H:4.893e-01,Q:000044 tau:-0.431308236642
R- 21 H:2.863e-01,Q:000040 tau:-0.112460123597
RG 20 H:4.360e-37,Q:000028 (cl,P):(001,1.00) (004,0.00) (003,0.00)
L- 20 H:6.459e-01,Q:000012 tau:-0.156467179531
RQ 19 H:5.924e-36,Q:000002 (cl,P):(002,0.50) (001,0.50) (004,0.00)
L- 19 H:3.245e-01,Q:000010 tau:-0.183756591442
RG 18 H:2.981e-36,Q:000004 (cl,P):(001,0.75) (002,0.25) (004,0.00)
LG 18 H:2.000e-36,Q:000006 (cl,P):(001,1.00) (004,0.00) (003,0.00)
L- 21 H:6.887e-01,Q:000004 tau:0.187086696185
RQ 20 H:5.924e-36,Q:000001 (cl,P):(000,1.00) (004,0.00) (003,0.00)
LG 20 H:6.667e-01,Q:000003 (cl,P):(001,0.67) (000,0.33) (004,0.00)
L- 22 H:9.351e-01,Q:000016 tau:-0.324040716174
R- 21 H:6.016e-01,Q:000006 tau:-0.526239371798
RG 20 H:2.389e-36,Q:000005 (cl,P):(001,1.00) (004,0.00) (003,0.00)
LQ 20 H:5.924e-36,Q:000001 (cl,P):(000,1.00) (004,0.00) (003,0.00)
L- 21 H:3.900e-01,Q:000010 tau:-0.466993559807
RG 20 H:3.965e-36,Q:000003 (cl,P):(000,0.67) (001,0.33) (004,0.00)
LG 20 H:1.715e-36,Q:000007 (cl,P):(000,1.00) (004,0.00) (003,0.00)
L- 25 H:1.563e+00,Q:000095 tau:-0.624084801255
R- 24 H:1.741e-01,Q:000031 tau:-0.441649388403
RG 23 H:4.211e-37,Q:000029 (cl,P):(000,1.00) (004,0.00) (003,0.00)
L- 23 H:1.000e+00,Q:000002 tau:-0.491746995555
RQ 22 H:5.924e-36,Q:000001 (cl,P):(000,1.00) (004,0.00) (003,0.00)
LQ 22 H:5.924e-36,Q:000001 (cl,P):(004,1.00) (003,0.00) (002,0.00)
L- 24 H:9.698e-01,Q:000064 tau:-0.816724674819
R- 23 H:3.886e-01,Q:000039 tau:-0.784311496337
RG 22 H:3.598e-37,Q:000034 (cl,P):(004,1.00) (003,0.00) (002,0.00)
L- 22 H:9.510e-01,Q:000005 tau:-0.141214109881
R- 21 H:6.667e-01,Q:000003 tau:-0.814532307468
RQ 20 H:5.924e-36,Q:000002 (cl,P):(004,0.50) (003,0.50) (002,0.00)
LQ 20 H:5.924e-36,Q:000001 (cl,P):(004,1.00) (003,0.00) (002,0.00)
LQ 21 H:5.924e-36,Q:000002 (cl,P):(003,1.00) (004,0.00) (002,0.00)
LG 23 H:4.874e-37,Q:000025 (cl,P):(003,1.00) (004,0.00) (002,0.00)
L- 29 H:1.200e+00,Q:000084 tau:-0.201909188525
R- 28 H:9.095e-01,Q:000061 tau:-0.83190833721
R- 27 H:3.292e-01,Q:000048 tau:-0.717356318059
R- 26 H:3.554e-01,Q:000017 tau:0.177879400782
R- 25 H:4.444e-01,Q:000009 tau:0.347068431857
RG 24 H:1.715e-36,Q:000007 (cl,P):(000,1.00) (004,0.00) (003,0.00)
LG 24 H:2.986e-36,Q:000002 (cl,P):(001,1.00) (004,0.00) (003,0.00)
LG 25 H:1.504e-36,Q:000008 (cl,P):(000,1.00) (004,0.00) (003,0.00)
L- 26 H:1.770e-01,Q:000031 tau:0.591297405625
RQ 25 H:5.924e-36,Q:000001 (cl,P):(004,1.00) (003,0.00) (002,0.00)
LG 25 H:4.072e-37,Q:000030 (cl,P):(000,1.00) (004,0.00) (003,0.00)
L- 27 H:3.186e-01,Q:000013 tau:-0.848341960184
RQ 26 H:5.924e-36,Q:000002 (cl,P):(004,0.50) (000,0.50) (003,0.00)
LG 26 H:1.098e-36,Q:000011 (cl,P):(004,1.00) (003,0.00) (002,0.00)
L- 28 H:6.663e-01,Q:000023 tau:-0.781101434531
R- 27 H:9.510e-01,Q:000010 tau:-0.362231197474
RG 26 H:2.986e-36,Q:000002 (cl,P):(000,1.00) (004,0.00) (003,0.00)
L- 26 H:5.000e-01,Q:000008 tau:-0.720903030342
RG 25 H:3.965e-36,Q:000003 (cl,P):(004,1.00) (003,0.00) (002,0.00)
LG 25 H:2.394e-36,Q:000005 (cl,P):(004,0.60) (003,0.40) (002,0.00)
LG 27 H:9.310e-37,Q:000013 (cl,P):(004,1.00) (003,0.00) (002,0.00)
------ training
*- 30 H:2.322e+00,Q:001000 tau:-0.608458133818
R- 29 H:2.313e+00,Q:000911 tau:0.499607476779
R- 28 H:1.539e+00,Q:000119 tau:0.696683794769
R- 27 H:9.486e-01,Q:000054 tau:0.88545722499
RG 26 H:9.310e-37,Q:000013 (cl,P):(000,1.00) (004,0.00) (003,0.00)
L- 26 H:6.524e-01,Q:000041 tau:-0.295932532529
RG 25 H:3.705e-37,Q:000033 (cl,P):(001,1.00) (004,0.00) (003,0.00)
L- 25 H:4.512e-01,Q:000008 tau:0.723298166531
RG 24 H:1.998e-36,Q:000006 (cl,P):(000,1.00) (004,0.00) (003,0.00)
LQ 24 H:5.924e-36,Q:000002 (cl,P):(001,0.50) (000,0.50) (004,0.00)
L- 27 H:1.186e+00,Q:000065 tau:-0.314051068855
R- 26 H:8.711e-01,Q:000053 tau:0.602873715153
R- 25 H:5.409e-01,Q:000012 tau:0.523076997734
RG 24 H:1.339e-36,Q:000009 (cl,P):(001,1.00) (004,0.00) (003,0.00)
L- 24 H:9.183e-01,Q:000003 tau:0.740125917891
RQ 23 H:5.924e-36,Q:000001 (cl,P):(001,1.00) (004,0.00) (003,0.00)
LG 23 H:2.986e-36,Q:000002 (cl,P):(002,1.00) (004,0.00) (003,0.00)
L- 25 H:4.145e-01,Q:000041 tau:-0.228462399726
R- 24 H:1.459e-01,Q:000037 tau:0.547392493447
RG 23 H:3.941e-37,Q:000031 (cl,P):(002,1.00) (004,0.00) (003,0.00)
L- 23 H:5.409e-01,Q:000006 tau:0.557442474019
RG 22 H:2.986e-36,Q:000002 (cl,P):(002,1.00) (004,0.00) (003,0.00)
L- 22 H:5.000e-01,Q:000004 tau:0.535086281459
RQ 21 H:5.924e-36,Q:000002 (cl,P):(002,1.00) (004,0.00) (003,0.00)
LQ 21 H:5.924e-36,Q:000002 (cl,P):(003,0.50) (002,0.50) (004,0.00)
L- 24 H:1.000e+00,Q:000004 tau:0.649978512577
RQ 23 H:5.924e-36,Q:000002 (cl,P):(001,1.00) (004,0.00) (003,0.00)
LQ 23 H:5.924e-36,Q:000002 (cl,P):(002,1.00) (004,0.00) (003,0.00)
L- 26 H:6.500e-01,Q:000012 tau:-0.516970215354
RG 25 H:1.339e-36,Q:000009 (cl,P):(001,1.00) (004,0.00) (003,0.00)
L- 25 H:6.667e-01,Q:000003 tau:-0.56342716257
RQ 24 H:5.924e-36,Q:000002 (cl,P):(001,0.50) (000,0.50) (004,0.00)
LQ 24 H:5.924e-36,Q:000001 (cl,P):(000,1.00) (004,0.00) (003,0.00)
L- 28 H:2.305e+00,Q:000792 tau:0.604387257862
R- 27 H:1.342e+00,Q:000094 tau:0.755019905779
R- 26 H:7.339e-01,Q:000043 tau:0.238628263667
R- 25 H:6.827e-01,Q:000011 tau:0.835377000536
RG 24 H:1.339e-36,Q:000009 (cl,P):(001,1.00) (004,0.00) (003,0.00)
LQ 24 H:5.924e-36,Q:000002 (cl,P):(002,1.00) (004,0.00) (003,0.00)
LG 25 H:3.820e-37,Q:000032 (cl,P):(002,1.00) (004,0.00) (003,0.00)
L- 26 H:8.733e-01,Q:000051 tau:0.309379888358
RG 25 H:1.339e-36,Q:000009 (cl,P):(002,1.00) (004,0.00) (003,0.00)
L- 25 H:5.816e-01,Q:000042 tau:0.670003853926
R- 24 H:9.338e-01,Q:000017 tau:0.738815371411
R- 23 H:6.887e-01,Q:000004 tau:0.153266728099
RG 22 H:3.965e-36,Q:000003 (cl,P):(002,1.00) (004,0.00) (003,0.00)
LQ 22 H:5.924e-36,Q:000001 (cl,P):(003,1.00) (004,0.00) (002,0.00)
L- 23 H:7.787e-01,Q:000013 tau:-0.173378064426
RG 22 H:1.715e-36,Q:000007 (cl,P):(003,1.00) (004,0.00) (002,0.00)
L- 22 H:1.000e+00,Q:000006 tau:0.676454771593
R- 21 H:6.887e-01,Q:000004 tau:-0.212204955779
RQ 20 H:5.924e-36,Q:000001 (cl,P):(003,1.00) (004,0.00) (002,0.00)
L- 20 H:6.667e-01,Q:000003 tau:-0.384814662181
RQ 19 H:5.924e-36,Q:000001 (cl,P):(003,1.00) (004,0.00) (002,0.00)
LQ 19 H:5.924e-36,Q:000002 (cl,P):(002,1.00) (004,0.00) (003,0.00)
LQ 21 H:5.924e-36,Q:000002 (cl,P):(003,0.50) (002,0.50) (004,0.00)
LG 24 H:4.876e-37,Q:000025 (cl,P):(003,1.00) (004,0.00) (002,0.00)
L- 27 H:2.304e+00,Q:000698 tau:0.229419072596
R- 26 H:1.742e+00,Q:000170 tau:0.392984337558
R- 25 H:1.196e+00,Q:000073 tau:0.261399140698
R- 24 H:6.088e-01,Q:000019 tau:0.416404827674
R- 23 H:4.299e-01,Q:000016 tau:0.394868687702
R- 22 H:9.183e-01,Q:000003 tau:0.501715670281
RG 21 H:2.986e-36,Q:000002 (cl,P):(002,1.00) (004,0.00) (003,0.00)
LQ 21 H:5.924e-36,Q:000001 (cl,P):(003,1.00) (004,0.00) (002,0.00)
LG 22 H:9.310e-37,Q:000013 (cl,P):(003,1.00) (004,0.00) (002,0.00)
LG 23 H:3.965e-36,Q:000003 (cl,P):(003,0.67) (004,0.33) (002,0.00)
L- 24 H:9.075e-01,Q:000054 tau:-0.529447778489
R- 23 H:4.161e-01,Q:000046 tau:0.563210379495
R- 22 H:9.793e-01,Q:000007 tau:-0.45807414288
R- 21 H:8.000e-01,Q:000005 tau:-0.2962309
R- 20 H:6.887e-01,Q:000004 tau:0.220311585399
RQ 19 H:5.924e-36,Q:000001 (cl,P):(003,1.00) (004,0.00) (002,0.00)
LG 19 H:3.965e-36,Q:000003 (cl,P):(004,1.00) (003,0.00) (002,0.00)
LQ 20 H:5.924e-36,Q:000001 (cl,P):(003,1.00) (004,0.00) (002,0.00)
LQ 21 H:5.924e-36,Q:000002 (cl,P):(003,1.00) (004,0.00) (002,0.00)
LG 22 H:3.141e-37,Q:000039 (cl,P):(004,1.00) (003,0.00) (002,0.00)
L- 23 H:7.956e-01,Q:000008 tau:-0.651796372567
RG 22 H:2.394e-36,Q:000005 (cl,P):(003,1.00) (004,0.00) (002,0.00)
L- 22 H:6.667e-01,Q:000003 tau:-0.789374100632
RQ 21 H:5.924e-36,Q:000002 (cl,P):(003,0.50) (002,0.50) (004,0.00)
LQ 21 H:5.924e-36,Q:000001 (cl,P):(002,1.00) (004,0.00) (003,0.00)
L- 25 H:1.532e+00,Q:000097 tau:-0.520085126701
R- 24 H:1.234e+00,Q:000078 tau:0.257017726864
R- 23 H:9.586e-01,Q:000021 tau:0.383022484452
RG 22 H:1.504e-36,Q:000008 (cl,P):(003,1.00) (004,0.00) (002,0.00)
LG 22 H:9.307e-37,Q:000013 (cl,P):(004,1.00) (003,0.00) (002,0.00)
L- 23 H:3.551e-01,Q:000057 tau:-0.39566361084
R- 22 H:1.188e-01,Q:000051 tau:0.250892223625
RG 21 H:2.727e-37,Q:000045 (cl,P):(000,1.00) (004,0.00) (003,0.00)
L- 21 H:3.333e-01,Q:000006 tau:0.145916864777
RQ 20 H:5.924e-36,Q:000002 (cl,P):(000,1.00) (004,0.00) (003,0.00)
LG 20 H:2.981e-36,Q:000004 (cl,P):(000,0.75) (001,0.25) (004,0.00)
L- 22 H:5.409e-01,Q:000006 tau:0.350688658734
RG 21 H:2.000e-36,Q:000003 (cl,P):(004,1.00) (003,0.00) (002,0.00)
LG 21 H:3.965e-36,Q:000003 (cl,P):(000,1.00) (004,0.00) (003,0.00)
L- 24 H:1.140e+00,Q:000019 tau:-0.663915028694
RG 23 H:1.206e-36,Q:000010 (cl,P):(004,1.00) (003,0.00) (002,0.00)
L- 23 H:7.211e-01,Q:000009 tau:-0.879464864346
RG 22 H:1.710e-36,Q:000007 (cl,P):(003,1.00) (004,0.00) (002,0.00)
LG 22 H:2.986e-36,Q:000002 (cl,P):(002,1.00) (004,0.00) (003,0.00)
L- 26 H:2.298e+00,Q:000528 tau:-0.458666170241
R- 25 H:2.229e+00,Q:000432 tau:-0.120635451757
R- 24 H:2.250e+00,Q:000293 tau:-0.318350840971
R- 23 H:2.050e+00,Q:000227 tau:-0.013705140722
R- 22 H:2.173e+00,Q:000105 tau:0.240210922034
R- 21 H:9.793e-01,Q:000036 tau:0.381338365846
RG 20 H:8.080e-37,Q:000015 (cl,P):(003,1.00) (004,0.00) (002,0.00)
LG 20 H:5.794e-37,Q:000021 (cl,P):(004,1.00) (003,0.00) (002,0.00)
L- 21 H:1.393e+00,Q:000069 tau:0.0817735641358
RG 20 H:3.598e-37,Q:000034 (cl,P):(000,1.00) (004,0.00) (003,0.00)
L- 20 H:7.753e-01,Q:000035 tau:0.0999772731159
R- 19 H:3.035e-01,Q:000028 tau:-0.0396687908169
RG 18 H:6.746e-37,Q:000018 (cl,P):(001,1.00) (004,0.00) (003,0.00)
L- 18 H:4.000e-01,Q:000010 tau:-0.0572474779239
RG 17 H:2.394e-36,Q:000005 (cl,P):(001,0.60) (002,0.40) (004,0.00)
LG 17 H:2.394e-36,Q:000005 (cl,P):(001,1.00) (004,0.00) (003,0.00)
L- 19 H:5.157e-01,Q:000007 tau:0.0866546965851
RQ 18 H:5.924e-36,Q:000001 (cl,P):(001,1.00) (004,0.00) (003,0.00)
LG 18 H:1.998e-36,Q:000006 (cl,P):(002,1.00) (004,0.00) (003,0.00)
L- 22 H:1.132e+00,Q:000122 tau:-0.167097542003
R- 21 H:9.889e-01,Q:000073 tau:-0.00111113446229
R- 20 H:8.165e-01,Q:000055 tau:0.317585746514
R- 19 H:5.419e-01,Q:000016 tau:0.333804429939
R- 18 H:3.106e-01,Q:000014 tau:0.363008848648
RG 17 H:1.098e-36,Q:000011 (cl,P):(003,1.00) (004,0.00) (002,0.00)
LG 17 H:3.965e-36,Q:000003 (cl,P):(003,0.67) (004,0.33) (002,0.00)
LQ 18 H:5.924e-36,Q:000002 (cl,P):(004,0.50) (003,0.50) (002,0.00)
LG 19 H:3.142e-37,Q:000039 (cl,P):(004,1.00) (003,0.00) (002,0.00)
LG 20 H:6.748e-37,Q:000018 (cl,P):(003,1.00) (004,0.00) (002,0.00)
L- 21 H:4.498e-01,Q:000049 tau:0.317064070919
R- 20 H:9.885e-01,Q:000009 tau:0.481434815931
RG 19 H:2.981e-36,Q:000004 (cl,P):(002,1.00) (004,0.00) (003,0.00)
L- 19 H:6.490e-01,Q:000005 tau:0.452293368148
RQ 18 H:5.924e-36,Q:000001 (cl,P):(002,1.00) (004,0.00) (003,0.00)
LG 18 H:2.981e-36,Q:000004 (cl,P):(003,1.00) (004,0.00) (002,0.00)
LG 20 H:3.064e-37,Q:000040 (cl,P):(003,1.00) (004,0.00) (002,0.00)
L- 23 H:9.544e-01,Q:000066 tau:-0.457535246838
RG 22 H:3.141e-37,Q:000039 (cl,P):(002,1.00) (004,0.00) (003,0.00)
L- 22 H:2.889e-01,Q:000027 tau:-0.521730958639
R- 21 H:8.000e-01,Q:000005 tau:0.43967560538
RQ 20 H:5.924e-36,Q:000001 (cl,P):(001,1.00) (004,0.00) (003,0.00)
L- 20 H:6.887e-01,Q:000004 tau:-0.490447751547
R- 19 H:1.000e+00,Q:000002 tau:0.239034542072
RQ 18 H:5.924e-36,Q:000001 (cl,P):(002,1.00) (004,0.00) (003,0.00)
LQ 18 H:5.924e-36,Q:000001 (cl,P):(001,1.00) (004,0.00) (003,0.00)
LQ 19 H:5.924e-36,Q:000002 (cl,P):(002,0.50) (001,0.50) (004,0.00)
LG 21 H:5.531e-37,Q:000022 (cl,P):(001,1.00) (004,0.00) (003,0.00)
L- 24 H:1.317e+00,Q:000139 tau:-0.251009927224
R- 23 H:1.034e+00,Q:000081 tau:0.144223613103
RG 22 H:8.080e-37,Q:000015 (cl,P):(001,1.00) (004,0.00) (003,0.00)
L- 22 H:8.780e-01,Q:000066 tau:-0.393775945788
R- 21 H:3.120e-01,Q:000052 tau:-0.130620561693
RG 20 H:3.965e-36,Q:000003 (cl,P):(002,0.67) (003,0.33) (004,0.00)
L- 20 H:2.001e-01,Q:000049 tau:0.131581591202
RQ 19 H:5.924e-36,Q:000001 (cl,P):(001,1.00) (004,0.00) (003,0.00)
L- 19 H:1.223e-01,Q:000048 tau:-0.329817900153
RG 18 H:2.668e-37,Q:000046 (cl,P):(002,1.00) (004,0.00) (003,0.00)
LQ 18 H:5.924e-36,Q:000002 (cl,P):(002,0.50) (001,0.50) (004,0.00)
LG 21 H:8.651e-37,Q:000014 (cl,P):(001,1.00) (004,0.00) (003,0.00)
L- 23 H:8.658e-01,Q:000058 tau:-0.360888341411
R- 22 H:4.077e-01,Q:000043 tau:-0.440902052453
R- 21 H:2.810e-01,Q:000041 tau:-0.112460123597
RG 20 H:4.360e-37,Q:000028 (cl,P):(001,1.00) (004,0.00) (003,0.00)
L- 20 H:6.122e-01,Q:000013 tau:-0.292527533878
RQ 19 H:5.924e-36,Q:000001 (cl,P):(002,1.00) (004,0.00) (003,0.00)
L- 19 H:3.624e-01,Q:000012 tau:-0.348286011342
R- 18 H:6.887e-01,Q:000004 tau:-0.156467179531
RQ 17 H:5.924e-36,Q:000001 (cl,P):(002,1.00) (004,0.00) (003,0.00)
LG 17 H:3.965e-36,Q:000003 (cl,P):(001,1.00) (004,0.00) (003,0.00)
LG 18 H:1.504e-36,Q:000008 (cl,P):(001,1.00) (004,0.00) (003,0.00)
LQ 21 H:5.924e-36,Q:000002 (cl,P):(001,0.50) (000,0.50) (004,0.00)
L- 22 H:9.361e-01,Q:000015 tau:-0.268785560044
RG 21 H:3.965e-36,Q:000003 (cl,P):(001,1.00) (004,0.00) (003,0.00)
L- 21 H:7.842e-01,Q:000012 tau:-0.372687511734
RG 20 H:2.394e-36,Q:000005 (cl,P):(000,0.60) (001,0.40) (004,0.00)
L- 20 H:3.936e-01,Q:000007 tau:-0.387576276209
RQ 19 H:5.924e-36,Q:000002 (cl,P):(001,0.50) (000,0.50) (004,0.00)
LG 19 H:2.394e-36,Q:000005 (cl,P):(000,1.00) (004,0.00) (003,0.00)
L- 25 H:1.564e+00,Q:000096 tau:-0.624084801255
R- 24 H:1.686e-01,Q:000032 tau:-0.445643484754
RG 23 H:3.942e-37,Q:000031 (cl,P):(000,1.00) (004,0.00) (003,0.00)
LQ 23 H:5.924e-36,Q:000001 (cl,P):(004,1.00) (003,0.00) (002,0.00)
L- 24 H:9.698e-01,Q:000064 tau:-0.761533595198
RG 23 H:3.705e-37,Q:000033 (cl,P):(004,1.00) (003,0.00) (002,0.00)
L- 23 H:4.577e-01,Q:000031 tau:-0.787437981793
RG 22 H:3.965e-36,Q:000003 (cl,P):(004,0.67) (003,0.33) (002,0.00)
L- 22 H:1.727e-01,Q:000028 tau:-0.854529715638
R- 21 H:3.333e-01,Q:000006 tau:-0.814532307468
RQ 20 H:5.924e-36,Q:000002 (cl,P):(003,1.00) (004,0.00) (002,0.00)
LG 20 H:2.981e-36,Q:000004 (cl,P):(003,0.75) (004,0.25) (002,0.00)
LG 21 H:5.533e-37,Q:000022 (cl,P):(003,1.00) (004,0.00) (002,0.00)
L- 29 H:1.279e+00,Q:000089 tau:-0.217381714256
R- 28 H:1.014e+00,Q:000065 tau:-0.824501877829
R- 27 H:4.880e-01,Q:000051 tau:-0.713571445701
R- 26 H:5.263e-01,Q:000019 tau:-0.0318632038561
R- 25 H:5.035e-01,Q:000012 tau:0.381371067405
RG 24 H:1.998e-36,Q:000006 (cl,P):(000,1.00) (004,0.00) (003,0.00)
LG 24 H:1.993e-36,Q:000006 (cl,P):(001,0.83) (000,0.17) (004,0.00)
LG 25 H:1.717e-36,Q:000007 (cl,P):(000,1.00) (004,0.00) (003,0.00)
L- 26 H:1.741e-01,Q:000032 tau:0.452315044851
R- 25 H:5.000e-01,Q:000004 tau:0.591297405625
RQ 24 H:5.924e-36,Q:000001 (cl,P):(004,1.00) (003,0.00) (002,0.00)
LG 24 H:3.965e-36,Q:000003 (cl,P):(000,1.00) (004,0.00) (003,0.00)
LG 25 H:4.359e-37,Q:000028 (cl,P):(000,1.00) (004,0.00) (003,0.00)
L- 27 H:5.917e-01,Q:000014 tau:-0.835412490328
RQ 26 H:5.924e-36,Q:000002 (cl,P):(000,1.00) (004,0.00) (003,0.00)
LG 26 H:1.008e-36,Q:000012 (cl,P):(004,1.00) (003,0.00) (002,0.00)
L- 28 H:7.357e-01,Q:000024 tau:-0.362231197474
R- 27 H:4.855e-01,Q:000010 tau:-0.309110098915
R- 26 H:4.591e-01,Q:000006 tau:-0.26233824727
R- 25 H:5.000e-01,Q:000004 tau:-0.838363873344
RQ 24 H:5.924e-36,Q:000002 (cl,P):(004,0.50) (000,0.50) (003,0.00)
LQ 24 H:5.924e-36,Q:000002 (cl,P):(004,1.00) (003,0.00) (002,0.00)
LQ 25 H:5.924e-36,Q:000002 (cl,P):(004,1.00) (003,0.00) (002,0.00)
LG 26 H:2.986e-36,Q:000004 (cl,P):(004,0.50) (000,0.50) (003,0.00)
L- 27 H:3.936e-01,Q:000014 tau:-0.781101434531
R- 26 H:5.000e-01,Q:000008 tau:-0.720903030342
RG 25 H:3.965e-36,Q:000003 (cl,P):(004,1.00) (003,0.00) (002,0.00)
LG 25 H:2.394e-36,Q:000005 (cl,P):(004,0.60) (003,0.40) (002,0.00)
LG 26 H:1.998e-36,Q:000006 (cl,P):(004,1.00) (003,0.00) (002,0.00)
------ training
*- 30 H:2.322e+00,Q:001000 tau:-0.62991163733
R- 29 H:2.314e+00,Q:000918 tau:0.498028713311
R- 28 H:1.571e+00,Q:000121 tau:0.723298166531
R- 27 H:9.428e-01,Q:000051 tau:0.881948957686
RG 26 H:8.652e-37,Q:000014 (cl,P):(000,1.00) (004,0.00) (003,0.00)
L- 26 H:5.586e-01,Q:000037 tau:-0.295932532529
RG 25 H:3.820e-37,Q:000032 (cl,P):(001,1.00) (004,0.00) (003,0.00)
LG 25 H:2.394e-36,Q:000005 (cl,P):(000,1.00) (004,0.00) (003,0.00)
L- 27 H:1.282e+00,Q:000070 tau:-0.342577848272
R- 26 H:9.820e-01,Q:000058 tau:0.557442474019
R- 25 H:6.935e-01,Q:000014 tau:0.646397676149
R- 24 H:4.142e-01,Q:000010 tau:0.523076997734
RG 23 H:1.504e-36,Q:000008 (cl,P):(001,1.00) (004,0.00) (003,0.00)
L- 23 H:1.000e+00,Q:000002 tau:0.514906786456
RQ 22 H:5.924e-36,Q:000001 (cl,P):(002,1.00) (004,0.00) (003,0.00)
LQ 22 H:5.924e-36,Q:000001 (cl,P):(001,1.00) (004,0.00) (003,0.00)
LG 24 H:2.981e-36,Q:000004 (cl,P):(002,0.75) (001,0.25) (004,0.00)
L- 25 H:7.048e-01,Q:000044 tau:0.67437287203
R- 24 H:6.935e-01,Q:000007 tau:0.131926601904
RG 23 H:2.981e-36,Q:000004 (cl,P):(002,0.75) (001,0.25) (004,0.00)
LG 23 H:3.965e-36,Q:000003 (cl,P):(001,1.00) (004,0.00) (003,0.00)
L- 24 H:3.907e-01,Q:000037 tau:-0.281765516742
R- 23 H:2.538e-01,Q:000035 tau:0.535086281459
RG 22 H:4.072e-37,Q:000030 (cl,P):(002,1.00) (004,0.00) (003,0.00)
L- 22 H:8.000e-01,Q:000005 tau:0.499217919538
R- 21 H:6.887e-01,Q:000004 tau:0.178361700182
RG 20 H:2.986e-36,Q:000002 (cl,P):(003,1.00) (004,0.00) (002,0.00)
LQ 20 H:5.924e-36,Q:000002 (cl,P):(002,1.00) (004,0.00) (003,0.00)
LQ 21 H:5.924e-36,Q:000001 (cl,P):(002,1.00) (004,0.00) (003,0.00)
LQ 23 H:5.924e-36,Q:000002 (cl,P):(002,0.50) (001,0.50) (004,0.00)
L- 26 H:7.842e-01,Q:000012 tau:0.642493397913
R- 25 H:5.000e-01,Q:000004 tau:0.644236990882
RG 24 H:3.965e-36,Q:000003 (cl,P):(000,0.67) (001,0.33) (004,0.00)
LQ 24 H:5.924e-36,Q:000001 (cl,P):(000,1.00) (004,0.00) (003,0.00)
LG 25 H:1.505e-36,Q:000008 (cl,P):(001,1.00) (004,0.00) (003,0.00)
L- 28 H:2.308e+00,Q:000797 tau:0.597276729524
R- 27 H:1.342e+00,Q:000096 tau:0.752023990264
R- 26 H:7.162e-01,Q:000045 tau:0.213774618438
R- 25 H:8.886e-01,Q:000013 tau:0.774739176016
R- 24 H:3.900e-01,Q:000010 tau:0.906495848727
RG 23 H:2.000e-36,Q:000006 (cl,P):(001,1.00) (004,0.00) (003,0.00)
L- 23 H:6.887e-01,Q:000004 tau:0.859288879038
RG 22 H:2.986e-36,Q:000002 (cl,P):(001,1.00) (004,0.00) (003,0.00)
LQ 22 H:5.924e-36,Q:000002 (cl,P):(002,0.50) (001,0.50) (004,0.00)
LG 24 H:3.965e-36,Q:000003 (cl,P):(002,1.00) (004,0.00) (003,0.00)
LG 25 H:3.820e-37,Q:000032 (cl,P):(002,1.00) (004,0.00) (003,0.00)
L- 26 H:8.189e-01,Q:000051 tau:0.309379888358
RG 25 H:1.505e-36,Q:000008 (cl,P):(002,1.00) (004,0.00) (003,0.00)
L- 25 H:5.169e-01,Q:000043 tau:-0.560384866453
R- 24 H:2.916e-01,Q:000039 tau:0.738815371411
R- 23 H:6.667e-01,Q:000003 tau:0.153266728099
RQ 22 H:5.924e-36,Q:000002 (cl,P):(002,1.00) (004,0.00) (003,0.00)
LQ 22 H:5.924e-36,Q:000001 (cl,P):(003,1.00) (004,0.00) (002,0.00)
LG 23 H:3.400e-37,Q:000036 (cl,P):(003,1.00) (004,0.00) (002,0.00)
L- 24 H:5.000e-01,Q:000004 tau:0.670003853926
RG 23 H:3.965e-36,Q:000003 (cl,P):(002,1.00) (004,0.00) (003,0.00)
LQ 23 H:5.924e-36,Q:000001 (cl,P):(003,1.00) (004,0.00) (002,0.00)
L- 27 H:2.306e+00,Q:000701 tau:0.23040927469
R- 26 H:1.721e+00,Q:000165 tau:0.393681130877
R- 25 H:1.148e+00,Q:000069 tau:0.220311585399
R- 24 H:6.955e-01,Q:000020 tau:0.278090211851
R- 23 H:5.026e-01,Q:000016 tau:0.394868687702
R- 22 H:1.000e+00,Q:000002 tau:0.501715670281
RQ 21 H:5.924e-36,Q:000001 (cl,P):(002,1.00) (004,0.00) (003,0.00)
LQ 21 H:5.924e-36,Q:000001 (cl,P):(003,1.00) (004,0.00) (002,0.00)
L- 22 H:2.578e-01,Q:000014 tau:0.405379921323
RG 21 H:9.302e-37,Q:000013 (cl,P):(003,1.00) (004,0.00) (002,0.00)
LQ 21 H:5.924e-36,Q:000001 (cl,P):(004,1.00) (003,0.00) (002,0.00)
LG 23 H:2.981e-36,Q:000004 (cl,P):(003,0.75) (004,0.25) (002,0.00)
L- 24 H:8.033e-01,Q:000049 tau:-0.471966477413
RG 23 H:3.309e-37,Q:000037 (cl,P):(004,1.00) (003,0.00) (002,0.00)
L- 23 H:1.243e+00,Q:000012 tau:-0.706408986355
R- 22 H:7.635e-01,Q:000010 tau:-0.563435748803
R- 21 H:6.490e-01,Q:000005 tau:0.568630012159
RQ 20 H:5.924e-36,Q:000001 (cl,P):(003,1.00) (004,0.00) (002,0.00)
LG 20 H:2.981e-36,Q:000004 (cl,P):(004,0.75) (003,0.25) (002,0.00)
LG 21 H:2.389e-36,Q:000005 (cl,P):(003,1.00) (004,0.00) (002,0.00)
LQ 22 H:5.924e-36,Q:000002 (cl,P):(002,1.00) (004,0.00) (003,0.00)
L- 25 H:1.537e+00,Q:000096 tau:0.257017726864
R- 24 H:9.586e-01,Q:000021 tau:0.319917914593
R- 23 H:4.333e-01,Q:000009 tau:0.383022484452
RG 22 H:1.504e-36,Q:000008 (cl,P):(003,1.00) (004,0.00) (002,0.00)
LQ 22 H:5.924e-36,Q:000001 (cl,P):(004,1.00) (003,0.00) (002,0.00)
LG 23 H:1.008e-36,Q:000012 (cl,P):(004,1.00) (003,0.00) (002,0.00)
L- 24 H:1.254e+00,Q:000075 tau:-0.468451742487
R- 23 H:3.012e-01,Q:000055 tau:-0.39566361084
R- 22 H:1.211e-01,Q:000050 tau:0.250892223625
RG 21 H:2.727e-37,Q:000045 (cl,P):(000,1.00) (004,0.00) (003,0.00)
L- 21 H:4.000e-01,Q:000005 tau:0.145916864777
RQ 20 H:5.924e-36,Q:000001 (cl,P):(000,1.00) (004,0.00) (003,0.00)
LG 20 H:2.981e-36,Q:000004 (cl,P):(000,0.75) (001,0.25) (004,0.00)
L- 22 H:5.510e-01,Q:000005 tau:0.316925317183
RG 21 H:3.965e-36,Q:000003 (cl,P):(004,0.67) (000,0.33) (003,0.00)
LQ 21 H:5.924e-36,Q:000002 (cl,P):(000,1.00) (004,0.00) (003,0.00)
L- 23 H:1.107e+00,Q:000020 tau:-0.663915028694
RG 22 H:1.008e-36,Q:000012 (cl,P):(004,1.00) (003,0.00) (002,0.00)
L- 22 H:7.552e-01,Q:000008 tau:-0.834724460943
RG 21 H:1.993e-36,Q:000006 (cl,P):(003,1.00) (004,0.00) (002,0.00)
LG 21 H:2.986e-36,Q:000002 (cl,P):(002,1.00) (004,0.00) (003,0.00)
L- 26 H:2.300e+00,Q:000536 tau:-0.460360159541
R- 25 H:2.236e+00,Q:000440 tau:-0.125671275784
R- 24 H:2.256e+00,Q:000299 tau:-0.318350840971
R- 23 H:2.057e+00,Q:000229 tau:-0.013705140722
R- 22 H:2.161e+00,Q:000106 tau:0.0817735641358
R- 21 H:1.480e+00,Q:000070 tau:0.240210922034
R- 20 H:9.710e-01,Q:000035 tau:0.404868113031
RG 19 H:9.307e-37,Q:000013 (cl,P):(003,1.00) (004,0.00) (002,0.00)
L- 19 H:2.132e-01,Q:000022 tau:0.329723585873
RG 18 H:4.000e-01,Q:000005 (cl,P):(004,0.80) (003,0.20) (002,0.00)
LG 18 H:7.141e-37,Q:000017 (cl,P):(004,1.00) (003,0.00) (002,0.00)
LG 20 H:3.496e-37,Q:000035 (cl,P):(000,1.00) (004,0.00) (003,0.00)
L- 21 H:7.642e-01,Q:000036 tau:0.0866546965851
R- 20 H:2.899e-01,Q:000030 tau:-0.0396687908169
RG 19 H:6.396e-37,Q:000019 (cl,P):(001,1.00) (004,0.00) (003,0.00)
L- 19 H:4.413e-01,Q:000011 tau:-0.0572474779239
RG 18 H:2.394e-36,Q:000005 (cl,P):(001,0.60) (002,0.40) (004,0.00)
LG 18 H:2.000e-36,Q:000006 (cl,P):(001,1.00) (004,0.00) (003,0.00)
LG 20 H:1.998e-36,Q:000006 (cl,P):(002,1.00) (004,0.00) (003,0.00)
L- 22 H:1.128e+00,Q:000123 tau:-0.146612019399
R- 21 H:9.797e-01,Q:000069 tau:-0.00111113446229
R- 20 H:7.758e-01,Q:000052 tau:0.317585746514
R- 19 H:5.892e-01,Q:000014 tau:0.366419553392
RG 18 H:1.206e-36,Q:000010 (cl,P):(003,1.00) (004,0.00) (002,0.00)
L- 18 H:6.887e-01,Q:000004 tau:-0.04141374676
RQ 17 H:5.924e-36,Q:000002 (cl,P):(004,1.00) (003,0.00) (002,0.00)
LG 17 H:2.986e-36,Q:000002 (cl,P):(003,1.00) (004,0.00) (002,0.00)
LG 19 H:3.223e-37,Q:000038 (cl,P):(004,1.00) (003,0.00) (002,0.00)
LG 20 H:7.141e-37,Q:000017 (cl,P):(003,1.00) (004,0.00) (002,0.00)
L- 21 H:5.341e-01,Q:000054 tau:0.452293368148
RG 20 H:2.389e-36,Q:000005 (cl,P):(002,1.00) (004,0.00) (003,0.00)
L- 20 H:1.224e-01,Q:000049 tau:-0.167097542003
R- 19 H:4.000e-01,Q:000005 tau:-0.165537016841
RG 18 H:2.981e-36,Q:000004 (cl,P):(003,1.00) (004,0.00) (002,0.00)
LQ 18 H:5.924e-36,Q:000001 (cl,P):(004,1.00) (003,0.00) (002,0.00)
LG 19 H:2.788e-37,Q:000044 (cl,P):(003,1.00) (004,0.00) (002,0.00)
L- 23 H:9.784e-01,Q:000070 tau:-0.457535246838
RG 22 H:3.141e-37,Q:000039 (cl,P):(002,1.00) (004,0.00) (003,0.00)
L- 22 H:2.805e-01,Q:000031 tau:-0.521730958639
R- 21 H:8.000e-01,Q:000005 tau:0.438945144471
RQ 20 H:5.924e-36,Q:000002 (cl,P):(001,1.00) (004,0.00) (003,0.00)
L- 20 H:9.183e-01,Q:000003 tau:0.150466173506
RG 19 H:2.986e-36,Q:000002 (cl,P):(002,1.00) (004,0.00) (003,0.00)
LQ 19 H:5.924e-36,Q:000001 (cl,P):(001,1.00) (004,0.00) (003,0.00)
LG 21 H:4.691e-37,Q:000026 (cl,P):(001,1.00) (004,0.00) (003,0.00)
L- 24 H:1.342e+00,Q:000141 tau:-0.253027821742
R- 23 H:1.036e+00,Q:000081 tau:-0.374814225377
R- 22 H:7.830e-01,Q:000064 tau:0.0825988279799
R- 21 H:2.589e-01,Q:000016 tau:-0.130620561693
R- 20 H:1.000e+00,Q:000002 tau:-0.128438698122
RQ 19 H:5.924e-36,Q:000001 (cl,P):(001,1.00) (004,0.00) (003,0.00)
LQ 19 H:5.924e-36,Q:000001 (cl,P):(002,1.00) (004,0.00) (003,0.00)
LG 20 H:8.648e-37,Q:000014 (cl,P):(001,1.00) (004,0.00) (003,0.00)
LG 21 H:2.558e-37,Q:000048 (cl,P):(002,1.00) (004,0.00) (003,0.00)
L- 22 H:2.558e-01,Q:000017 tau:-0.211828948548
RG 21 H:1.207e-36,Q:000010 (cl,P):(001,1.00) (004,0.00) (003,0.00)
L- 21 H:3.936e-01,Q:000007 tau:-0.227050819789
RG 20 H:2.981e-36,Q:000004 (cl,P):(001,0.75) (000,0.25) (004,0.00)
LG 20 H:3.965e-36,Q:000003 (cl,P):(001,1.00) (004,0.00) (003,0.00)
L- 23 H:9.525e-01,Q:000060 tau:-0.360888341411
R- 22 H:4.893e-01,Q:000044 tau:-0.440902052453
R- 21 H:2.810e-01,Q:000041 tau:-0.147753925055
RG 20 H:4.072e-37,Q:000030 (cl,P):(001,1.00) (004,0.00) (003,0.00)
L- 20 H:6.715e-01,Q:000011 tau:-0.156467179531
RQ 19 H:5.924e-36,Q:000001 (cl,P):(002,1.00) (004,0.00) (003,0.00)
L- 19 H:3.245e-01,Q:000010 tau:-0.319230896632
RQ 18 H:5.924e-36,Q:000002 (cl,P):(002,0.50) (001,0.50) (004,0.00)
LG 18 H:1.504e-36,Q:000008 (cl,P):(001,1.00) (004,0.00) (003,0.00)
LG 21 H:3.965e-36,Q:000003 (cl,P):(000,0.67) (001,0.33) (004,0.00)
L- 22 H:8.942e-01,Q:000016 tau:-0.324040716174
R- 21 H:8.091e-01,Q:000006 tau:-0.526239371798
RG 20 H:2.981e-36,Q:000004 (cl,P):(001,1.00) (004,0.00) (003,0.00)
LG 20 H:2.986e-36,Q:000002 (cl,P):(000,1.00) (004,0.00) (003,0.00)
L- 21 H:3.900e-01,Q:000010 tau:-0.383803714517
RQ 20 H:5.924e-36,Q:000001 (cl,P):(001,1.00) (004,0.00) (003,0.00)
LG 20 H:1.339e-36,Q:000009 (cl,P):(000,1.00) (004,0.00) (003,0.00)
L- 25 H:1.568e+00,Q:000096 tau:-0.624084801255
R- 24 H:1.741e-01,Q:000031 tau:-0.445643484754
RG 23 H:4.072e-37,Q:000030 (cl,P):(000,1.00) (004,0.00) (003,0.00)
LQ 23 H:5.924e-36,Q:000001 (cl,P):(004,1.00) (003,0.00) (002,0.00)
L- 24 H:9.772e-01,Q:000065 tau:-0.784311496337
RG 23 H:3.598e-37,Q:000034 (cl,P):(004,1.00) (003,0.00) (002,0.00)
L- 23 H:3.438e-01,Q:000031 tau:-0.816724674819
R- 22 H:9.510e-01,Q:000005 tau:-0.787437981793
RQ 21 H:5.924e-36,Q:000002 (cl,P):(004,0.50) (003,0.50) (002,0.00)
L- 21 H:6.667e-01,Q:000003 tau:-0.814532307468
RQ 20 H:5.924e-36,Q:000002 (cl,P):(003,1.00) (004,0.00) (002,0.00)
LQ 20 H:5.924e-36,Q:000001 (cl,P):(004,1.00) (003,0.00) (002,0.00)
LG 22 H:4.690e-37,Q:000026 (cl,P):(003,1.00) (004,0.00) (002,0.00)
L- 29 H:1.160e+00,Q:000082 tau:-0.201909188525
R- 28 H:8.518e-01,Q:000060 tau:-0.848341960184
R- 27 H:3.671e-01,Q:000049 tau:-0.83190833721
R- 26 H:2.511e-01,Q:000047 tau:0.591297405625
R- 25 H:5.510e-01,Q:000005 tau:0.612964213093
RG 24 H:2.986e-36,Q:000004 (cl,P):(000,1.00) (004,0.00) (003,0.00)
LQ 24 H:5.924e-36,Q:000001 (cl,P):(004,1.00) (003,0.00) (002,0.00)
L- 25 H:1.364e-01,Q:000042 tau:-0.713571445701
R- 24 H:2.755e-01,Q:000010 tau:-0.69039911763
RG 23 H:1.998e-36,Q:000006 (cl,P):(000,1.00) (004,0.00) (003,0.00)
LG 23 H:2.981e-36,Q:000004 (cl,P):(000,0.75) (001,0.25) (004,0.00)
LG 24 H:3.820e-37,Q:000032 (cl,P):(000,1.00) (004,0.00) (003,0.00)
LQ 26 H:5.924e-36,Q:000002 (cl,P):(004,0.50) (000,0.50) (003,0.00)
LG 27 H:1.098e-36,Q:000011 (cl,P):(004,1.00) (003,0.00) (002,0.00)
L- 28 H:5.618e-01,Q:000022 tau:-0.572634985574
R- 27 H:2.417e-01,Q:000020 tau:-0.630645843093
RQ 26 H:5.924e-36,Q:000001 (cl,P):(000,1.00) (004,0.00) (003,0.00)
LG 26 H:6.397e-37,Q:000019 (cl,P):(004,1.00) (003,0.00) (002,0.00)
LG 27 H:2.986e-36,Q:000002 (cl,P):(003,1.00) (004,0.00) (002,0.00)
