------ 2014-10-25 21:49:09
*- 30 H:3.322e+00,Q:002000 tau:0.591553547694
R- 29 H:2.444e+00,Q:000204 tau:0.763933686166
R- 28 H:1.716e+00,Q:000080 tau:0.882374217587
R- 27 H:9.537e-01,Q:000032 tau:-0.136618200791
R- 26 H:7.781e-01,Q:000026 tau:0.979610170536
RG 25 H:5.387e-36,Q:000005 (cl,P):(000,1.00) (009,0.00) (008,0.00)
L- 25 H:2.365e-01,Q:000021 tau:0.935526645025
R- 24 H:4.000e-01,Q:000005 tau:0.0395822681504
RG 23 H:6.707e-36,Q:000004 (cl,P):(001,1.00) (009,0.00) (008,0.00)
LQ 23 H:1.333e-35,Q:000001 (cl,P):(000,1.00) (009,0.00) (008,0.00)
LG 24 H:1.705e-36,Q:000016 (cl,P):(001,1.00) (009,0.00) (008,0.00)
LG 26 H:4.496e-36,Q:000006 (cl,P):(000,1.00) (009,0.00) (008,0.00)
L- 27 H:1.653e+00,Q:000048 tau:-0.36882092816
R- 26 H:1.029e+00,Q:000038 tau:-0.237498048708
R- 25 H:8.802e-01,Q:000033 tau:0.493914813134
RG 24 H:6.707e-36,Q:000004 (cl,P):(001,1.00) (009,0.00) (008,0.00)
L- 24 H:6.465e-01,Q:000029 tau:0.854319589196
R- 23 H:9.510e-01,Q:000005 tau:0.881084673895
RQ 22 H:1.333e-35,Q:000001 (cl,P):(002,1.00) (009,0.00) (008,0.00)
L- 22 H:6.887e-01,Q:000004 tau:0.867791173051
RQ 21 H:1.333e-35,Q:000002 (cl,P):(001,1.00) (009,0.00) (008,0.00)
L- 21 H:1.000e+00,Q:000002 tau:0.856643634928
RQ 20 H:1.333e-35,Q:000001 (cl,P):(002,1.00) (009,0.00) (008,0.00)
LQ 20 H:1.333e-35,Q:000001 (cl,P):(001,1.00) (009,0.00) (008,0.00)
L- 23 H:2.014e-01,Q:000024 tau:0.780680277017
RG 22 H:1.304e-36,Q:000021 (cl,P):(002,1.00) (009,0.00) (008,0.00)
LG 22 H:8.922e-36,Q:000003 (cl,P):(002,0.67) (003,0.33) (009,0.00)
LG 25 H:5.387e-36,Q:000005 (cl,P):(001,1.00) (009,0.00) (008,0.00)
L- 26 H:9.651e-01,Q:000010 tau:-0.4783025719
R- 25 H:4.512e-01,Q:000008 tau:-0.391272982945
RQ 24 H:1.333e-35,Q:000002 (cl,P):(001,0.50) (000,0.50) (009,0.00)
LG 24 H:4.496e-36,Q:000006 (cl,P):(000,1.00) (009,0.00) (008,0.00)
LG 25 H:6.718e-36,Q:000002 (cl,P):(009,1.00) (008,0.00) (007,0.00)
L- 28 H:2.281e+00,Q:000124 tau:-0.458570966221
R- 27 H:1.656e+00,Q:000100 tau:0.672994451756
R- 26 H:1.193e+00,Q:000037 tau:-0.120939904327
R- 25 H:8.839e-01,Q:000027 tau:0.48184131602
R- 24 H:5.157e-01,Q:000007 tau:0.743179849312
R- 23 H:6.667e-01,Q:000003 tau:0.52174136747
RQ 22 H:1.333e-35,Q:000002 (cl,P):(002,0.50) (001,0.50) (009,0.00)
LQ 22 H:1.333e-35,Q:000001 (cl,P):(002,1.00) (009,0.00) (008,0.00)
LG 23 H:6.707e-36,Q:000004 (cl,P):(002,1.00) (009,0.00) (008,0.00)
LG 24 H:1.367e-36,Q:000020 (cl,P):(003,1.00) (009,0.00) (008,0.00)
L- 25 H:8.464e-01,Q:000010 tau:0.721500610871
RG 24 H:5.387e-36,Q:000005 (cl,P):(002,1.00) (009,0.00) (008,0.00)
L- 24 H:9.510e-01,Q:000005 tau:0.691338163062
RG 23 H:5.000e-01,Q:000004 (cl,P):(003,0.50) (002,0.25) (001,0.25)
LQ 23 H:1.333e-35,Q:000001 (cl,P):(002,1.00) (009,0.00) (008,0.00)
L- 26 H:1.512e+00,Q:000063 tau:0.425011116557
R- 25 H:9.136e-01,Q:000018 tau:0.626449685184
R- 24 H:5.157e-01,Q:000007 tau:0.66176805064
RG 23 H:4.496e-36,Q:000006 (cl,P):(002,1.00) (009,0.00) (008,0.00)
LQ 23 H:1.333e-35,Q:000001 (cl,P):(003,1.00) (009,0.00) (008,0.00)
LG 24 H:2.471e-36,Q:000011 (cl,P):(003,1.00) (009,0.00) (008,0.00)
L- 25 H:1.286e+00,Q:000045 tau:-0.119732975805
RG 24 H:9.475e-37,Q:000029 (cl,P):(004,1.00) (009,0.00) (008,0.00)
L- 24 H:9.772e-01,Q:000016 tau:-0.347545815613
R- 23 H:3.610e-01,Q:000010 tau:-0.276681600001
RG 22 H:3.385e-36,Q:000008 (cl,P):(003,1.00) (009,0.00) (008,0.00)
LQ 22 H:1.333e-35,Q:000002 (cl,P):(003,0.50) (002,0.50) (009,0.00)
LG 23 H:4.499e-36,Q:000006 (cl,P):(002,1.00) (009,0.00) (008,0.00)
L- 27 H:1.575e+00,Q:000024 tau:-0.535236560288
R- 26 H:6.827e-01,Q:000011 tau:0.707349021044
RG 25 H:6.667e-01,Q:000003 (cl,P):(000,0.67) (001,0.33) (009,0.00)
LG 25 H:3.385e-36,Q:000008 (cl,P):(001,1.00) (009,0.00) (008,0.00)
L- 26 H:9.608e-01,Q:000013 tau:-0.657675621468
R- 25 H:9.512e-01,Q:000008 tau:-0.589478625043
RG 24 H:6.707e-36,Q:000004 (cl,P):(000,1.00) (009,0.00) (008,0.00)
L- 24 H:5.000e-01,Q:000004 tau:-0.623986913229
RQ 23 H:1.333e-35,Q:000001 (cl,P):(009,1.00) (008,0.00) (007,0.00)
LG 23 H:8.922e-36,Q:000003 (cl,P):(009,0.67) (000,0.33) (008,0.00)
LG 25 H:5.387e-36,Q:000005 (cl,P):(009,1.00) (008,0.00) (007,0.00)
L- 29 H:3.313e+00,Q:001796 tau:0.54978297247
R- 28 H:2.449e+00,Q:000208 tau:0.722998603257
R- 27 H:1.873e+00,Q:000105 tau:0.825356916833
R- 26 H:1.469e+00,Q:000056 tau:0.123989727394
R- 25 H:1.210e+00,Q:000019 tau:0.333964030103
RG 24 H:3.859e-36,Q:000007 (cl,P):(002,1.00) (009,0.00) (008,0.00)
L- 24 H:9.694e-01,Q:000012 tau:0.960141813395
RQ 23 H:1.333e-35,Q:000002 (cl,P):(002,1.00) (009,0.00) (008,0.00)
L- 23 H:4.349e-01,Q:000010 tau:0.845293727922
RG 22 H:3.007e-36,Q:000009 (cl,P):(003,1.00) (009,0.00) (008,0.00)
LQ 22 H:1.333e-35,Q:000001 (cl,P):(004,1.00) (009,0.00) (008,0.00)
L- 25 H:9.592e-01,Q:000037 tau:0.906321604676
R- 24 H:2.589e-01,Q:000016 tau:0.914932383937
RG 23 H:1.947e-36,Q:000014 (cl,P):(003,1.00) (009,0.00) (008,0.00)
LQ 23 H:1.333e-35,Q:000002 (cl,P):(004,0.50) (003,0.50) (009,0.00)
LG 24 H:1.304e-36,Q:000021 (cl,P):(004,1.00) (009,0.00) (008,0.00)
L- 26 H:1.447e+00,Q:000049 tau:0.18640354424
R- 25 H:1.318e+00,Q:000015 tau:0.366411307134
R- 24 H:1.252e+00,Q:000006 tau:0.801897191815
RG 23 H:8.922e-36,Q:000003 (cl,P):(003,0.67) (002,0.33) (009,0.00)
L- 23 H:6.667e-01,Q:000003 tau:0.791806272757
RQ 22 H:1.333e-35,Q:000002 (cl,P):(003,0.50) (002,0.50) (009,0.00)
LQ 22 H:1.333e-35,Q:000001 (cl,P):(004,1.00) (009,0.00) (008,0.00)
L- 24 H:3.061e-01,Q:000009 tau:0.201398779475
R- 23 H:2.500e-01,Q:000008 tau:0.304850321118
RG 22 H:8.922e-36,Q:000003 (cl,P):(004,0.67) (003,0.33) (009,0.00)
LG 22 H:5.374e-36,Q:000005 (cl,P):(004,1.00) (009,0.00) (008,0.00)
LQ 23 H:1.333e-35,Q:000001 (cl,P):(004,1.00) (009,0.00) (008,0.00)
L- 25 H:6.713e-01,Q:000034 tau:-0.443623878467
RG 24 H:1.017e-36,Q:000027 (cl,P):(005,1.00) (009,0.00) (008,0.00)
LG 24 H:3.848e-36,Q:000007 (cl,P):(004,1.00) (009,0.00) (008,0.00)
L- 27 H:2.043e+00,Q:000103 tau:0.258583014339
R- 26 H:1.624e+00,Q:000023 tau:0.384545340488
R- 25 H:9.067e-01,Q:000012 tau:0.528713004882
RG 24 H:6.707e-36,Q:000004 (cl,P):(003,1.00) (009,0.00) (008,0.00)
LG 24 H:3.384e-36,Q:000008 (cl,P):(004,1.00) (009,0.00) (008,0.00)
L- 25 H:6.827e-01,Q:000011 tau:0.691599732218
RQ 24 H:1.333e-35,Q:000001 (cl,P):(004,1.00) (009,0.00) (008,0.00)
L- 24 H:3.610e-01,Q:000010 tau:0.629890705951
RG 23 H:4.499e-36,Q:000006 (cl,P):(005,1.00) (009,0.00) (008,0.00)
L- 23 H:5.000e-01,Q:000004 tau:0.352857115175
RQ 22 H:1.333e-35,Q:000002 (cl,P):(005,1.00) (009,0.00) (008,0.00)
LQ 22 H:1.333e-35,Q:000002 (cl,P):(006,0.50) (005,0.50) (009,0.00)
L- 26 H:1.658e+00,Q:000080 tau:0.631682624609
R- 25 H:1.055e+00,Q:000039 tau:-0.575521498862
R- 24 H:7.259e-01,Q:000034 tau:-0.409173124212
R- 23 H:4.753e-01,Q:000029 tau:0.120405621958
R- 22 H:6.887e-01,Q:000004 tau:0.689566883051
RG 21 H:8.922e-36,Q:000003 (cl,P):(005,1.00) (009,0.00) (008,0.00)
LQ 21 H:1.333e-35,Q:000001 (cl,P):(006,1.00) (009,0.00) (008,0.00)
LG 22 H:1.097e-36,Q:000025 (cl,P):(006,1.00) (009,0.00) (008,0.00)
L- 23 H:4.000e-01,Q:000005 tau:-0.450182122779
RQ 22 H:1.333e-35,Q:000002 (cl,P):(006,0.50) (005,0.50) (009,0.00)
LG 22 H:8.922e-36,Q:000003 (cl,P):(005,1.00) (009,0.00) (008,0.00)
LG 24 H:5.387e-36,Q:000005 (cl,P):(004,0.60) (005,0.40) (009,0.00)
L- 25 H:1.207e+00,Q:000041 tau:-0.416614510152
R- 24 H:7.297e-01,Q:000033 tau:0.175054139636
RG 23 H:4.496e-36,Q:000006 (cl,P):(006,1.00) (009,0.00) (008,0.00)
L- 23 H:1.963e-01,Q:000027 tau:0.125718205903
R- 22 H:9.183e-01,Q:000003 tau:0.58661661475
R- 21 H:1.000e+00,Q:000002 tau:0.12601963061
RQ 20 H:1.333e-35,Q:000001 (cl,P):(007,1.00) (009,0.00) (008,0.00)
LQ 20 H:1.333e-35,Q:000001 (cl,P):(006,1.00) (009,0.00) (008,0.00)
LQ 21 H:1.333e-35,Q:000001 (cl,P):(007,1.00) (009,0.00) (008,0.00)
LG 22 H:1.142e-36,Q:000024 (cl,P):(007,1.00) (009,0.00) (008,0.00)
L- 24 H:7.956e-01,Q:000008 tau:0.616303255961
R- 23 H:1.000e+00,Q:000004 tau:0.628585632216
RQ 22 H:1.333e-35,Q:000002 (cl,P):(006,0.50) (004,0.50) (009,0.00)
LQ 22 H:1.333e-35,Q:000002 (cl,P):(006,0.50) (004,0.50) (009,0.00)
LG 23 H:6.707e-36,Q:000004 (cl,P):(006,0.75) (004,0.25) (009,0.00)
L- 28 H:3.303e+00,Q:001588 tau:-0.595009683674
R- 27 H:3.307e+00,Q:001403 tau:-0.180626705143
R- 26 H:3.294e+00,Q:000982 tau:-0.368921258265
R- 25 H:3.177e+00,Q:000760 tau:-0.0600993418166
R- 24 H:3.215e+00,Q:000476 tau:0.25475386902
R- 23 H:2.127e+00,Q:000145 tau:0.413115850307
R- 22 H:1.309e+00,Q:000063 tau:0.505177279115
R- 21 H:6.791e-01,Q:000027 tau:0.42765748951
R- 20 H:5.000e-01,Q:000004 tau:0.538216541669
RQ 19 H:1.333e-35,Q:000001 (cl,P):(004,1.00) (009,0.00) (008,0.00)
LG 19 H:8.922e-36,Q:000003 (cl,P):(004,0.67) (005,0.33) (009,0.00)
L- 20 H:2.159e-01,Q:000023 tau:0.545029746015
RG 19 H:1.706e-36,Q:000016 (cl,P):(005,1.00) (009,0.00) (008,0.00)
L- 19 H:3.936e-01,Q:000007 tau:0.521399087118
RG 18 H:6.707e-36,Q:000004 (cl,P):(005,1.00) (009,0.00) (008,0.00)
L- 18 H:6.667e-01,Q:000003 tau:0.354312264234
RQ 17 H:1.333e-35,Q:000002 (cl,P):(005,1.00) (009,0.00) (008,0.00)
LQ 17 H:1.333e-35,Q:000001 (cl,P):(006,1.00) (009,0.00) (008,0.00)
L- 21 H:7.836e-01,Q:000036 tau:0.408830184982
R- 20 H:3.936e-01,Q:000007 tau:0.468950793713
RG 19 H:6.718e-36,Q:000004 (cl,P):(005,1.00) (009,0.00) (008,0.00)
LG 19 H:8.922e-36,Q:000003 (cl,P):(005,0.67) (006,0.33) (009,0.00)
L- 20 H:1.828e-01,Q:000029 tau:0.443961096243
RG 19 H:1.142e-36,Q:000024 (cl,P):(006,1.00) (009,0.00) (008,0.00)
LG 19 H:4.000e-01,Q:000005 (cl,P):(006,0.80) (007,0.20) (009,0.00)
L- 22 H:1.529e+00,Q:000082 tau:0.3348722614
R- 21 H:8.762e-01,Q:000043 tau:0.400919485204
R- 20 H:3.444e-01,Q:000008 tau:0.543508120388
RQ 19 H:1.333e-35,Q:000001 (cl,P):(005,1.00) (009,0.00) (008,0.00)
LG 19 H:3.859e-36,Q:000007 (cl,P):(006,1.00) (009,0.00) (008,0.00)
L- 20 H:1.615e-01,Q:000035 tau:0.344219158563
RG 19 H:9.162e-37,Q:000030 (cl,P):(007,1.00) (009,0.00) (008,0.00)
L- 19 H:5.510e-01,Q:000005 tau:0.342806219433
RQ 18 H:1.333e-35,Q:000001 (cl,P):(008,1.00) (009,0.00) (007,0.00)
LG 18 H:6.718e-36,Q:000004 (cl,P):(007,1.00) (009,0.00) (008,0.00)
L- 21 H:9.874e-01,Q:000039 tau:0.328299580444
R- 20 H:9.183e-01,Q:000006 tau:0.265279794318
R- 19 H:5.510e-01,Q:000005 tau:0.445128102259
RG 18 H:8.922e-36,Q:000003 (cl,P):(006,0.67) (007,0.33) (009,0.00)
LQ 18 H:1.333e-35,Q:000002 (cl,P):(007,1.00) (009,0.00) (008,0.00)
LQ 19 H:1.333e-35,Q:000001 (cl,P):(006,1.00) (009,0.00) (008,0.00)
L- 20 H:3.295e-01,Q:000033 tau:-0.0340299261867
R- 19 H:1.677e-01,Q:000031 tau:0.265083052604
RG 18 H:9.474e-37,Q:000029 (cl,P):(008,1.00) (009,0.00) (007,0.00)
LQ 18 H:1.333e-35,Q:000002 (cl,P):(009,0.50) (008,0.50) (007,0.00)
LQ 19 H:1.333e-35,Q:000002 (cl,P):(008,0.50) (007,0.50) (009,0.00)
L- 23 H:2.927e+00,Q:000331 tau:0.0966667734651
R- 22 H:1.959e+00,Q:000134 tau:0.337490547489
R- 21 H:1.107e+00,Q:000029 tau:0.495438255837
RG 20 H:3.385e-36,Q:000008 (cl,P):(007,1.00) (009,0.00) (008,0.00)
L- 20 H:7.404e-01,Q:000021 tau:0.218957962663
RG 19 H:6.707e-36,Q:000004 (cl,P):(007,0.75) (008,0.25) (009,0.00)
L- 19 H:5.222e-01,Q:000017 tau:0.184876492869
R- 18 H:3.936e-01,Q:000007 tau:0.204449651068
RG 17 H:6.718e-36,Q:000004 (cl,P):(008,1.00) (009,0.00) (007,0.00)
LG 17 H:8.922e-36,Q:000003 (cl,P):(008,0.67) (007,0.33) (009,0.00)
L- 18 H:3.245e-01,Q:000010 tau:0.433796972813
RG 17 H:4.499e-36,Q:000006 (cl,P):(008,1.00) (009,0.00) (007,0.00)
LG 17 H:6.707e-36,Q:000004 (cl,P):(008,0.75) (009,0.25) (007,0.00)
L- 21 H:1.467e+00,Q:000105 tau:0.171833155965
R- 20 H:6.542e-01,Q:000048 tau:-0.0491454840925
R- 19 H:2.745e-01,Q:000043 tau:-0.0415065937918
R- 18 H:1.431e-01,Q:000041 tau:0.188473978797
RG 17 H:8.338e-37,Q:000033 (cl,P):(009,1.00) (008,0.00) (007,0.00)
L- 17 H:4.875e-01,Q:000008 tau:0.282492571697
RG 16 H:4.499e-36,Q:000003 (cl,P):(009,1.00) (008,0.00) (007,0.00)
L- 16 H:5.510e-01,Q:000005 tau:0.187072741765
RQ 15 H:1.333e-35,Q:000001 (cl,P):(000,1.00) (009,0.00) (008,0.00)
LG 15 H:6.718e-36,Q:000004 (cl,P):(009,1.00) (008,0.00) (007,0.00)
LQ 18 H:1.333e-35,Q:000002 (cl,P):(009,0.50) (008,0.50) (007,0.00)
LG 19 H:5.374e-36,Q:000005 (cl,P):(008,1.00) (009,0.00) (007,0.00)
L- 20 H:1.138e+00,Q:000057 tau:-0.0131440409347
R- 19 H:7.457e-01,Q:000046 tau:0.116091549448
R- 18 H:3.288e-01,Q:000033 tau:0.305990506655
RQ 17 H:1.333e-35,Q:000002 (cl,P):(009,1.00) (008,0.00) (007,0.00)
LG 17 H:8.869e-37,Q:000031 (cl,P):(000,1.00) (009,0.00) (008,0.00)
L- 18 H:9.543e-01,Q:000013 tau:0.0996872293859
R- 17 H:9.512e-01,Q:000008 tau:0.0634775428488
R- 16 H:5.510e-01,Q:000005 tau:0.103672465147
RG 15 H:6.667e-01,Q:000003 (cl,P):(001,0.67) (000,0.33) (009,0.00)
LQ 15 H:1.333e-35,Q:000002 (cl,P):(001,1.00) (009,0.00) (008,0.00)
L- 16 H:6.667e-01,Q:000003 tau:0.0080621671535
RQ 15 H:1.333e-35,Q:000002 (cl,P):(001,0.50) (000,0.50) (009,0.00)
LQ 15 H:1.333e-35,Q:000001 (cl,P):(000,1.00) (009,0.00) (008,0.00)
LG 17 H:5.387e-36,Q:000005 (cl,P):(000,1.00) (009,0.00) (008,0.00)
L- 19 H:3.546e-01,Q:000011 tau:0.13121503979
RG 18 H:4.499e-36,Q:000006 (cl,P):(009,1.00) (008,0.00) (007,0.00)
L- 18 H:5.510e-01,Q:000005 tau:0.126163808987
RQ 17 H:1.333e-35,Q:000002 (cl,P):(009,0.50) (000,0.50) (008,0.00)
LG 17 H:8.922e-36,Q:000003 (cl,P):(009,1.00) (008,0.00) (007,0.00)
L- 22 H:2.905e+00,Q:000197 tau:0.294795136488
R- 21 H:1.654e+00,Q:000057 tau:0.38066533878
R- 20 H:9.978e-01,Q:000036 tau:0.452005407073
R- 19 H:2.606e-01,Q:000018 tau:0.453982820895
RG 18 H:1.607e-36,Q:000017 (cl,P):(008,1.00) (009,0.00) (007,0.00)
LQ 18 H:1.333e-35,Q:000001 (cl,P):(009,1.00) (008,0.00) (007,0.00)
LG 19 H:1.518e-36,Q:000018 (cl,P):(009,1.00) (008,0.00) (007,0.00)
L- 20 H:5.740e-01,Q:000021 tau:0.355622010979
R- 19 H:5.510e-01,Q:000005 tau:0.00629076331158
RG 18 H:6.718e-36,Q:000002 (cl,P):(009,1.00) (008,0.00) (007,0.00)
LG 18 H:8.922e-36,Q:000003 (cl,P):(000,1.00) (009,0.00) (008,0.00)
L- 19 H:2.718e-01,Q:000016 tau:0.307686840952
RG 18 H:2.267e-36,Q:000012 (cl,P):(000,1.00) (009,0.00) (008,0.00)
L- 18 H:5.000e-01,Q:000004 tau:0.298403564997
RG 17 H:8.922e-36,Q:000003 (cl,P):(000,0.67) (001,0.33) (009,0.00)
LQ 17 H:1.333e-35,Q:000001 (cl,P):(000,1.00) (009,0.00) (008,0.00)
L- 21 H:2.396e+00,Q:000140 tau:0.0667410478202
R- 20 H:1.763e+00,Q:000106 tau:0.216211892178
R- 19 H:7.568e-01,Q:000028 tau:0.0110690534738
R- 18 H:9.793e-01,Q:000007 tau:0.0681755249539
RG 17 H:6.707e-36,Q:000004 (cl,P):(000,1.00) (009,0.00) (008,0.00)
LG 17 H:8.922e-36,Q:000003 (cl,P):(001,1.00) (009,0.00) (008,0.00)
L- 18 H:2.302e-01,Q:000021 tau:0.245403859629
RG 17 H:1.818e-36,Q:000015 (cl,P):(001,1.00) (009,0.00) (008,0.00)
L- 17 H:3.333e-01,Q:000006 tau:-0.0270385187103
RQ 16 H:1.333e-35,Q:000002 (cl,P):(001,1.00) (009,0.00) (008,0.00)
LG 16 H:6.707e-36,Q:000004 (cl,P):(001,0.75) (002,0.25) (009,0.00)
L- 19 H:1.602e+00,Q:000078 tau:0.0424349097956
R- 18 H:2.468e-01,Q:000019 tau:0.0447431757925
RG 17 H:1.518e-36,Q:000018 (cl,P):(001,1.00) (009,0.00) (008,0.00)
LQ 17 H:1.333e-35,Q:000001 (cl,P):(002,1.00) (009,0.00) (008,0.00)
L- 18 H:1.153e+00,Q:000059 tau:0.154169682769
R- 17 H:2.211e-01,Q:000023 tau:0.0112323062604
R- 16 H:1.000e+00,Q:000002 tau:0.199314270716
RQ 15 H:1.333e-35,Q:000001 (cl,P):(001,1.00) (009,0.00) (008,0.00)
LQ 15 H:1.333e-35,Q:000001 (cl,P):(002,1.00) (009,0.00) (008,0.00)
LG 16 H:1.304e-36,Q:000021 (cl,P):(002,1.00) (009,0.00) (008,0.00)
L- 17 H:1.056e+00,Q:000036 tau:-0.0248782236616
R- 16 H:3.451e-01,Q:000012 tau:-0.000719092374771
RG 15 H:2.715e-36,Q:000010 (cl,P):(002,1.00) (009,0.00) (008,0.00)
LQ 15 H:1.333e-35,Q:000002 (cl,P):(003,0.50) (002,0.50) (009,0.00)
L- 16 H:4.188e-01,Q:000024 tau:0.0938798628427
R- 15 H:2.257e-01,Q:000022 tau:0.1468526767
RQ 14 H:1.333e-35,Q:000002 (cl,P):(003,0.50) (002,0.50) (009,0.00)
LG 14 H:1.368e-36,Q:000020 (cl,P):(003,1.00) (009,0.00) (008,0.00)
LQ 15 H:1.333e-35,Q:000002 (cl,P):(004,0.50) (003,0.50) (009,0.00)
L- 20 H:1.558e+00,Q:000034 tau:0.0127370468992
R- 19 H:5.021e-01,Q:000018 tau:-0.0782411477675
R- 18 H:6.667e-01,Q:000003 tau:0.0627686120558
RQ 17 H:1.333e-35,Q:000001 (cl,P):(001,1.00) (009,0.00) (008,0.00)
LQ 17 H:1.333e-35,Q:000002 (cl,P):(004,0.50) (001,0.50) (009,0.00)
LG 18 H:1.818e-36,Q:000015 (cl,P):(004,1.00) (009,0.00) (008,0.00)
L- 19 H:1.191e+00,Q:000016 tau:-0.142246495255
R- 18 H:7.769e-01,Q:000013 tau:-0.039544074307
RG 17 H:2.715e-36,Q:000010 (cl,P):(005,1.00) (009,0.00) (008,0.00)
LG 17 H:8.922e-36,Q:000003 (cl,P):(009,0.67) (006,0.33) (008,0.00)
L- 18 H:6.667e-01,Q:000003 tau:-0.0207808717025
RQ 17 H:1.333e-35,Q:000002 (cl,P):(004,1.00) (009,0.00) (008,0.00)
LQ 17 H:1.333e-35,Q:000001 (cl,P):(005,1.00) (009,0.00) (008,0.00)
L- 24 H:2.354e+00,Q:000284 tau:-0.197269140006
R- 23 H:2.156e+00,Q:000162 tau:-0.0443799277761
R- 22 H:2.024e+00,Q:000118 tau:0.320732299058
R- 21 H:1.289e+00,Q:000029 tau:0.449615854374
R- 20 H:5.892e-01,Q:000014 tau:0.54117320199
R- 19 H:6.887e-01,Q:000004 tau:0.542095275803
R- 18 H:6.667e-01,Q:000003 tau:0.57601257926
RQ 17 H:1.333e-35,Q:000002 (cl,P):(004,1.00) (009,0.00) (008,0.00)
LQ 17 H:1.333e-35,Q:000001 (cl,P):(005,1.00) (009,0.00) (008,0.00)
LQ 18 H:1.333e-35,Q:000001 (cl,P):(005,1.00) (009,0.00) (008,0.00)
LG 19 H:2.712e-36,Q:000010 (cl,P):(005,1.00) (009,0.00) (008,0.00)
L- 20 H:5.620e-01,Q:000015 tau:0.431394844871
R- 19 H:6.667e-01,Q:000003 tau:-0.117395139456
RQ 18 H:1.333e-35,Q:000001 (cl,P):(006,1.00) (009,0.00) (008,0.00)
LQ 18 H:1.333e-35,Q:000002 (cl,P):(005,1.00) (009,0.00) (008,0.00)
LG 19 H:2.267e-36,Q:000012 (cl,P):(006,1.00) (009,0.00) (008,0.00)
L- 21 H:1.296e+00,Q:000089 tau:-0.143186437284
R- 20 H:1.244e+00,Q:000053 tau:0.00521397838661
R- 19 H:1.117e+00,Q:000044 tau:0.234877818201
R- 18 H:8.443e-01,Q:000011 tau:-0.0712765347195
R- 17 H:6.887e-01,Q:000004 tau:0.312215302897
RQ 16 H:1.333e-35,Q:000001 (cl,P):(007,1.00) (009,0.00) (008,0.00)
LG 16 H:8.922e-36,Q:000003 (cl,P):(008,1.00) (009,0.00) (007,0.00)
LG 17 H:3.863e-36,Q:000007 (cl,P):(007,1.00) (009,0.00) (008,0.00)
L- 18 H:6.674e-01,Q:000033 tau:-0.0864948891867
R- 17 H:9.793e-01,Q:000007 tau:-0.0731530191358
R- 16 H:6.490e-01,Q:000005 tau:0.148948091761
RQ 15 H:1.333e-35,Q:000002 (cl,P):(009,0.50) (008,0.50) (007,0.00)
LG 15 H:4.499e-36,Q:000003 (cl,P):(009,1.00) (008,0.00) (007,0.00)
LQ 16 H:1.333e-35,Q:000002 (cl,P):(008,1.00) (009,0.00) (007,0.00)
L- 17 H:1.910e-01,Q:000026 tau:-0.126430993823
RG 16 H:1.439e-36,Q:000019 (cl,P):(008,1.00) (009,0.00) (007,0.00)
L- 16 H:4.636e-01,Q:000007 tau:0.0702519708096
RG 15 H:4.499e-36,Q:000006 (cl,P):(008,1.00) (009,0.00) (007,0.00)
LQ 15 H:1.333e-35,Q:000001 (cl,P):(007,1.00) (009,0.00) (008,0.00)
LG 19 H:3.013e-36,Q:000009 (cl,P):(007,1.00) (009,0.00) (008,0.00)
L- 20 H:3.094e-01,Q:000036 tau:-0.014585981017
RG 19 H:8.095e-37,Q:000034 (cl,P):(007,1.00) (009,0.00) (008,0.00)
LQ 19 H:1.333e-35,Q:000002 (cl,P):(006,1.00) (009,0.00) (008,0.00)
L- 22 H:9.985e-01,Q:000044 tau:-0.104765950317
RG 21 H:1.304e-36,Q:000021 (cl,P):(006,1.00) (009,0.00) (008,0.00)
LG 21 H:1.192e-36,Q:000023 (cl,P):(005,1.00) (009,0.00) (008,0.00)
L- 23 H:1.725e+00,Q:000122 tau:0.451025912327
R- 22 H:8.502e-01,Q:000018 tau:0.519378024625
R- 21 H:9.000e-01,Q:000009 tau:-0.256652238382
RG 20 H:6.707e-36,Q:000004 (cl,P):(004,1.00) (009,0.00) (008,0.00)
LG 20 H:5.387e-36,Q:000005 (cl,P):(003,1.00) (009,0.00) (008,0.00)
LG 21 H:3.011e-36,Q:000009 (cl,P):(004,1.00) (009,0.00) (008,0.00)
L- 22 H:1.436e+00,Q:000104 tau:-0.29703829842
R- 21 H:1.251e+00,Q:000063 tau:-0.0571996035316
R- 20 H:6.600e-01,Q:000046 tau:0.349429985769
RG 19 H:3.384e-36,Q:000008 (cl,P):(005,1.00) (009,0.00) (008,0.00)
LG 19 H:7.252e-37,Q:000038 (cl,P):(006,1.00) (009,0.00) (008,0.00)
L- 20 H:8.679e-01,Q:000017 tau:-0.138107184716
RG 19 H:2.471e-36,Q:000011 (cl,P):(005,1.00) (009,0.00) (008,0.00)
L- 19 H:4.591e-01,Q:000006 tau:-0.21043113727
RQ 18 H:1.333e-35,Q:000001 (cl,P):(005,1.00) (009,0.00) (008,0.00)
LG 18 H:5.387e-36,Q:000005 (cl,P):(004,1.00) (009,0.00) (008,0.00)
L- 21 H:8.013e-01,Q:000041 tau:-0.0719861116243
R- 20 H:5.126e-01,Q:000035 tau:0.310200975723
R- 19 H:5.510e-01,Q:000005 tau:0.376782478007
RG 18 H:6.718e-36,Q:000004 (cl,P):(004,1.00) (009,0.00) (008,0.00)
LQ 18 H:1.333e-35,Q:000001 (cl,P):(005,1.00) (009,0.00) (008,0.00)
LG 19 H:9.162e-37,Q:000030 (cl,P):(005,1.00) (009,0.00) (008,0.00)
LG 20 H:4.499e-36,Q:000006 (cl,P):(004,1.00) (009,0.00) (008,0.00)
L- 25 H:2.765e+00,Q:000222 tau:-0.630753450502
R- 24 H:1.847e+00,Q:000120 tau:-0.533132372495
R- 23 H:1.320e+00,Q:000082 tau:-0.445665848252
R- 22 H:7.165e-01,Q:000037 tau:-0.110687124805
R- 21 H:5.099e-01,Q:000033 tau:0.360874515228
R- 20 H:8.742e-01,Q:000006 tau:-0.371862852344
R- 19 H:6.667e-01,Q:000003 tau:-0.369219928608
RQ 18 H:1.333e-35,Q:000001 (cl,P):(003,1.00) (009,0.00) (008,0.00)
LQ 18 H:1.333e-35,Q:000002 (cl,P):(004,1.00) (009,0.00) (008,0.00)
LG 19 H:8.922e-36,Q:000003 (cl,P):(003,1.00) (009,0.00) (008,0.00)
LG 20 H:1.017e-36,Q:000027 (cl,P):(004,1.00) (009,0.00) (008,0.00)
LG 21 H:6.707e-36,Q:000004 (cl,P):(003,1.00) (009,0.00) (008,0.00)
L- 22 H:9.485e-01,Q:000045 tau:0.451953427284
R- 21 H:4.636e-01,Q:000007 tau:-0.447991938825
RQ 20 H:1.333e-35,Q:000001 (cl,P):(003,1.00) (009,0.00) (008,0.00)
LG 20 H:4.499e-36,Q:000006 (cl,P):(002,1.00) (009,0.00) (008,0.00)
L- 21 H:5.359e-01,Q:000038 tau:-0.479548727809
R- 20 H:6.604e-01,Q:000017 tau:0.063914438097
R- 19 H:9.000e-01,Q:000009 tau:0.248663588736
RG 18 H:4.499e-36,Q:000006 (cl,P):(003,1.00) (009,0.00) (008,0.00)
LG 18 H:8.922e-36,Q:000003 (cl,P):(004,1.00) (009,0.00) (008,0.00)
LG 19 H:3.385e-36,Q:000008 (cl,P):(003,1.00) (009,0.00) (008,0.00)
L- 20 H:2.233e-01,Q:000021 tau:-0.0671511451206
RG 19 H:1.368e-36,Q:000020 (cl,P):(003,1.00) (009,0.00) (008,0.00)
LQ 19 H:1.333e-35,Q:000001 (cl,P):(002,1.00) (009,0.00) (008,0.00)
L- 23 H:9.641e-01,Q:000038 tau:0.412478933666
R- 22 H:8.113e-01,Q:000008 tau:-0.596003946767
R- 21 H:4.000e-01,Q:000005 tau:0.519919691415
RG 20 H:6.707e-36,Q:000004 (cl,P):(001,1.00) (009,0.00) (008,0.00)
LQ 20 H:1.333e-35,Q:000001 (cl,P):(002,1.00) (009,0.00) (008,0.00)
LG 21 H:8.922e-36,Q:000003 (cl,P):(001,0.67) (000,0.33) (009,0.00)
L- 22 H:3.531e-01,Q:000030 tau:-0.617332815146
R- 21 H:1.925e-01,Q:000027 tau:-0.547037914246
R- 20 H:1.000e+00,Q:000002 tau:-0.537519611414
RQ 19 H:1.333e-35,Q:000001 (cl,P):(002,1.00) (009,0.00) (008,0.00)
LQ 19 H:1.333e-35,Q:000001 (cl,P):(003,1.00) (009,0.00) (008,0.00)
LG 20 H:1.097e-36,Q:000025 (cl,P):(002,1.00) (009,0.00) (008,0.00)
LG 21 H:8.922e-36,Q:000003 (cl,P):(002,0.67) (001,0.33) (009,0.00)
L- 24 H:2.030e+00,Q:000102 tau:-0.800409826313
R- 23 H:1.323e+00,Q:000059 tau:-0.710968377006
R- 22 H:5.266e-01,Q:000030 tau:0.50613917005
RQ 21 H:1.333e-35,Q:000002 (cl,P):(000,1.00) (009,0.00) (008,0.00)
L- 21 H:1.856e-01,Q:000028 tau:-0.650505654537
R- 20 H:5.409e-01,Q:000006 tau:0.260130621282
RG 19 H:8.922e-36,Q:000003 (cl,P):(001,1.00) (009,0.00) (008,0.00)
L- 19 H:6.667e-01,Q:000003 tau:-0.645701154052
RQ 18 H:1.333e-35,Q:000001 (cl,P):(002,1.00) (009,0.00) (008,0.00)
LQ 18 H:1.333e-35,Q:000002 (cl,P):(001,1.00) (009,0.00) (008,0.00)
LG 20 H:1.245e-36,Q:000022 (cl,P):(001,1.00) (009,0.00) (008,0.00)
L- 22 H:4.753e-01,Q:000029 tau:0.469678476233
R- 21 H:8.091e-01,Q:000006 tau:-0.749082168246
RG 20 H:4.499e-36,Q:000003 (cl,P):(000,1.00) (009,0.00) (008,0.00)
LG 20 H:8.922e-36,Q:000003 (cl,P):(009,1.00) (008,0.00) (007,0.00)
LG 21 H:1.192e-36,Q:000023 (cl,P):(000,1.00) (009,0.00) (008,0.00)
L- 23 H:1.108e+00,Q:000043 tau:-0.890760968421
R- 22 H:2.211e-01,Q:000023 tau:-0.821068705717
RQ 21 H:1.333e-35,Q:000002 (cl,P):(009,0.50) (000,0.50) (008,0.00)
LG 21 H:1.304e-36,Q:000021 (cl,P):(009,1.00) (008,0.00) (007,0.00)
L- 22 H:2.265e-01,Q:000020 tau:-0.904556947521
RQ 21 H:1.333e-35,Q:000002 (cl,P):(009,0.50) (008,0.50) (007,0.00)
LG 21 H:1.518e-36,Q:000018 (cl,P):(008,1.00) (009,0.00) (007,0.00)
L- 26 H:2.903e+00,Q:000421 tau:-0.336477556628
R- 25 H:2.743e+00,Q:000199 tau:0.214126293188
R- 24 H:2.038e+00,Q:000045 tau:0.375564868655
R- 23 H:1.180e+00,Q:000018 tau:0.492504211563
R- 22 H:4.636e-01,Q:000007 tau:0.542391491678
RQ 21 H:1.333e-35,Q:000002 (cl,P):(008,0.50) (007,0.50) (009,0.00)
LG 21 H:5.387e-36,Q:000005 (cl,P):(008,1.00) (009,0.00) (007,0.00)
L- 22 H:5.009e-01,Q:000011 tau:0.482529677357
RG 21 H:6.718e-36,Q:000002 (cl,P):(008,1.00) (009,0.00) (007,0.00)
LG 21 H:3.013e-36,Q:000009 (cl,P):(009,1.00) (008,0.00) (007,0.00)
L- 23 H:9.979e-01,Q:000027 tau:0.293199175318
RG 22 H:1.947e-36,Q:000014 (cl,P):(000,1.00) (009,0.00) (008,0.00)
LG 22 H:2.095e-36,Q:000013 (cl,P):(001,1.00) (009,0.00) (008,0.00)
L- 24 H:2.461e+00,Q:000154 tau:-0.557083604685
R- 23 H:1.706e+00,Q:000122 tau:-0.250175462306
R- 22 H:1.507e+00,Q:000066 tau:0.0490071843034
R- 21 H:9.535e-01,Q:000021 tau:0.10769651284
R- 20 H:3.606e-01,Q:000009 tau:-0.192781850654
RG 19 H:8.922e-36,Q:000003 (cl,P):(002,0.67) (003,0.33) (009,0.00)
LG 19 H:4.499e-36,Q:000006 (cl,P):(002,1.00) (009,0.00) (008,0.00)
LG 20 H:2.267e-36,Q:000012 (cl,P):(003,1.00) (009,0.00) (008,0.00)
L- 21 H:1.149e+00,Q:000045 tau:-0.310742299631
R- 20 H:3.226e-01,Q:000034 tau:-0.289214433327
RG 19 H:8.596e-37,Q:000032 (cl,P):(004,1.00) (009,0.00) (008,0.00)
LQ 19 H:1.333e-35,Q:000002 (cl,P):(003,1.00) (009,0.00) (008,0.00)
L- 20 H:9.220e-01,Q:000011 tau:-0.400963492356
RG 19 H:6.707e-36,Q:000004 (cl,P):(003,1.00) (009,0.00) (008,0.00)
LG 19 H:3.863e-36,Q:000007 (cl,P):(002,1.00) (009,0.00) (008,0.00)
L- 22 H:1.248e+00,Q:000056 tau:-0.332946793643
R- 21 H:9.487e-01,Q:000046 tau:0.0903130083471
R- 20 H:4.333e-01,Q:000009 tau:0.170051172188
RG 19 H:1.000e+00,Q:000002 (cl,P):(002,0.50) (001,0.50) (009,0.00)
LG 19 H:3.863e-36,Q:000007 (cl,P):(002,1.00) (009,0.00) (008,0.00)
L- 20 H:4.737e-01,Q:000037 tau:-0.322286229663
RG 19 H:1.017e-36,Q:000027 (cl,P):(003,1.00) (009,0.00) (008,0.00)
L- 19 H:8.464e-01,Q:000010 tau:-0.33617292204
R- 18 H:4.512e-01,Q:000008 tau:-0.138633226341
RG 17 H:5.387e-36,Q:000005 (cl,P):(003,0.60) (002,0.40) (009,0.00)
L- 17 H:6.667e-01,Q:000003 tau:-0.323310121746
RQ 16 H:1.333e-35,Q:000001 (cl,P):(003,1.00) (009,0.00) (008,0.00)
LQ 16 H:1.333e-35,Q:000002 (cl,P):(002,1.00) (009,0.00) (008,0.00)
LG 18 H:6.718e-36,Q:000002 (cl,P):(003,1.00) (009,0.00) (008,0.00)
L- 21 H:7.900e-01,Q:000010 tau:-0.499745178833
RG 20 H:3.859e-36,Q:000007 (cl,P):(002,1.00) (009,0.00) (008,0.00)
LG 20 H:8.922e-36,Q:000003 (cl,P):(001,1.00) (009,0.00) (008,0.00)
L- 23 H:2.116e+00,Q:000032 tau:-0.738929566462
R- 22 H:1.156e+00,Q:000017 tau:-0.633611431815
R- 21 H:5.157e-01,Q:000007 tau:-0.583699680108
RG 20 H:6.718e-36,Q:000002 (cl,P):(001,1.00) (009,0.00) (008,0.00)
L- 20 H:5.510e-01,Q:000005 tau:-0.246140336341
RG 19 H:6.718e-36,Q:000004 (cl,P):(001,1.00) (009,0.00) (008,0.00)
LQ 19 H:1.333e-35,Q:000001 (cl,P):(000,1.00) (009,0.00) (008,0.00)
L- 21 H:3.610e-01,Q:000010 tau:-0.711075797182
RG 20 H:3.385e-36,Q:000008 (cl,P):(000,1.00) (009,0.00) (008,0.00)
LQ 20 H:1.333e-35,Q:000002 (cl,P):(009,0.50) (000,0.50) (008,0.00)
L- 22 H:1.552e+00,Q:000015 tau:-0.813332729951
R- 21 H:4.056e-01,Q:000008 tau:-0.748336997401
RQ 20 H:1.333e-35,Q:000001 (cl,P):(000,1.00) (009,0.00) (008,0.00)
LG 20 H:3.863e-36,Q:000007 (cl,P):(009,1.00) (008,0.00) (007,0.00)
L- 21 H:8.014e-01,Q:000007 tau:-0.244896834345
RG 20 H:8.922e-36,Q:000003 (cl,P):(008,1.00) (009,0.00) (007,0.00)
L- 20 H:6.887e-01,Q:000004 tau:-0.254893139071
RQ 19 H:1.333e-35,Q:000001 (cl,P):(007,1.00) (009,0.00) (008,0.00)
LG 19 H:8.922e-36,Q:000003 (cl,P):(008,0.67) (007,0.33) (009,0.00)
L- 25 H:2.502e+00,Q:000222 tau:-0.48117014628
R- 24 H:2.359e+00,Q:000143 tau:0.217292744637
R- 23 H:1.851e+00,Q:000036 tau:0.283078799419
R- 22 H:1.524e+00,Q:000027 tau:0.475048985129
R- 21 H:4.636e-01,Q:000007 tau:0.53092537861
RQ 20 H:1.333e-35,Q:000002 (cl,P):(007,1.00) (009,0.00) (008,0.00)
LG 20 H:5.387e-36,Q:000005 (cl,P):(008,0.60) (007,0.40) (009,0.00)
L- 21 H:9.464e-01,Q:000020 tau:0.4222832041
RG 20 H:6.707e-36,Q:000004 (cl,P):(008,0.75) (009,0.25) (007,0.00)
L- 20 H:8.137e-01,Q:000016 tau:0.367382868736
R- 19 H:6.887e-01,Q:000004 tau:-0.389644928556
RG 18 H:6.718e-36,Q:000002 (cl,P):(009,1.00) (008,0.00) (007,0.00)
LQ 18 H:1.333e-35,Q:000002 (cl,P):(008,1.00) (009,0.00) (007,0.00)
L- 19 H:3.624e-01,Q:000012 tau:-0.336539890005
RQ 18 H:1.333e-35,Q:000001 (cl,P):(000,1.00) (009,0.00) (008,0.00)
LG 18 H:2.470e-36,Q:000011 (cl,P):(009,1.00) (008,0.00) (007,0.00)
LG 22 H:3.013e-36,Q:000009 (cl,P):(000,1.00) (009,0.00) (008,0.00)
L- 23 H:2.023e+00,Q:000107 tau:-0.584550041881
R- 22 H:1.407e+00,Q:000090 tau:-0.408824416034
R- 21 H:1.294e+00,Q:000046 tau:-0.340983021131
R- 20 H:7.166e-01,Q:000035 tau:0.0782447444099
R- 19 H:4.056e-01,Q:000008 tau:0.110025757801
RG 18 H:3.863e-36,Q:000007 (cl,P):(001,1.00) (009,0.00) (008,0.00)
LQ 18 H:1.333e-35,Q:000001 (cl,P):(002,1.00) (009,0.00) (008,0.00)
LG 19 H:1.017e-36,Q:000027 (cl,P):(002,1.00) (009,0.00) (008,0.00)
L- 20 H:9.868e-01,Q:000011 tau:-0.489693937241
RG 19 H:5.387e-36,Q:000005 (cl,P):(001,1.00) (009,0.00) (008,0.00)
L- 19 H:4.591e-01,Q:000006 tau:-0.342935732345
RQ 18 H:1.333e-35,Q:000001 (cl,P):(001,1.00) (009,0.00) (008,0.00)
LG 18 H:5.387e-36,Q:000005 (cl,P):(000,1.00) (009,0.00) (008,0.00)
L- 21 H:9.637e-01,Q:000044 tau:-0.453878723779
R- 20 H:5.250e-01,Q:000023 tau:-0.424642591924
R- 19 H:5.000e-01,Q:000008 tau:0.0557215497446
RQ 18 H:1.333e-35,Q:000002 (cl,P):(001,1.00) (009,0.00) (008,0.00)
L- 18 H:4.591e-01,Q:000006 tau:-0.417159439806
RQ 17 H:1.333e-35,Q:000002 (cl,P):(001,1.00) (009,0.00) (008,0.00)
LG 17 H:6.718e-36,Q:000004 (cl,P):(002,0.50) (001,0.50) (009,0.00)
L- 19 H:3.127e-01,Q:000015 tau:-0.431622487637
R- 18 H:6.667e-01,Q:000003 tau:-0.429934037611
RQ 17 H:1.333e-35,Q:000002 (cl,P):(001,1.00) (009,0.00) (008,0.00)
LQ 17 H:1.333e-35,Q:000001 (cl,P):(002,1.00) (009,0.00) (008,0.00)
LG 18 H:2.266e-36,Q:000012 (cl,P):(001,1.00) (009,0.00) (008,0.00)
L- 20 H:9.149e-01,Q:000021 tau:-0.298001761804
R- 19 H:7.537e-01,Q:000018 tau:0.137569930364
RG 18 H:6.718e-36,Q:000004 (cl,P):(000,1.00) (009,0.00) (008,0.00)
LG 18 H:1.946e-36,Q:000014 (cl,P):(001,1.00) (009,0.00) (008,0.00)
LG 19 H:8.922e-36,Q:000003 (cl,P):(000,1.00) (009,0.00) (008,0.00)
L- 22 H:1.561e+00,Q:000017 tau:-0.712151790577
R- 21 H:4.056e-01,Q:000008 tau:-0.608592595522
RQ 20 H:1.333e-35,Q:000002 (cl,P):(009,0.50) (000,0.50) (008,0.00)
LG 20 H:4.499e-36,Q:000006 (cl,P):(009,1.00) (008,0.00) (007,0.00)
L- 21 H:1.068e+00,Q:000009 tau:-0.813645356893
R- 20 H:3.936e-01,Q:000007 tau:-0.73115599867
RG 19 H:8.922e-36,Q:000003 (cl,P):(008,0.67) (009,0.33) (007,0.00)
LG 19 H:6.718e-36,Q:000004 (cl,P):(008,1.00) (009,0.00) (007,0.00)
LQ 20 H:1.333e-35,Q:000002 (cl,P):(007,1.00) (009,0.00) (008,0.00)
L- 24 H:1.965e+00,Q:000079 tau:-0.679333239004
R- 23 H:1.852e+00,Q:000069 tau:0.188465912643
R- 22 H:1.279e+00,Q:000017 tau:0.36634866584
R- 21 H:5.394e-01,Q:000009 tau:0.438118499528
RG 20 H:4.496e-36,Q:000006 (cl,P):(007,1.00) (009,0.00) (008,0.00)
LG 20 H:4.499e-36,Q:000003 (cl,P):(008,1.00) (009,0.00) (007,0.00)
LG 21 H:3.384e-36,Q:000008 (cl,P):(009,0.62) (008,0.38) (007,0.00)
L- 22 H:1.407e+00,Q:000052 tau:-0.4668200986
R- 21 H:9.800e-01,Q:000044 tau:-0.552447464887
R- 20 H:6.592e-01,Q:000021 tau:-0.51013774285
R- 19 H:8.014e-01,Q:000007 tau:-0.207328619434
R- 18 H:6.490e-01,Q:000005 tau:0.0938112298135
RG 17 H:4.499e-36,Q:000003 (cl,P):(000,1.00) (009,0.00) (008,0.00)
LQ 17 H:1.333e-35,Q:000002 (cl,P):(001,1.00) (009,0.00) (008,0.00)
LQ 18 H:1.333e-35,Q:000002 (cl,P):(000,1.00) (009,0.00) (008,0.00)
L- 19 H:2.318e-01,Q:000014 tau:0.0900879548312
RQ 18 H:1.333e-35,Q:000002 (cl,P):(009,0.50) (000,0.50) (008,0.00)
LG 18 H:2.264e-36,Q:000012 (cl,P):(000,1.00) (009,0.00) (008,0.00)
L- 20 H:8.753e-01,Q:000023 tau:-0.289741329043
R- 19 H:4.242e-01,Q:000018 tau:0.122824084802
RG 18 H:4.499e-36,Q:000003 (cl,P):(009,1.00) (008,0.00) (007,0.00)
LG 18 H:1.817e-36,Q:000015 (cl,P):(000,1.00) (009,0.00) (008,0.00)
LG 19 H:5.387e-36,Q:000005 (cl,P):(009,1.00) (008,0.00) (007,0.00)
L- 21 H:7.500e-01,Q:000008 tau:-0.547867906476
RG 20 H:6.718e-36,Q:000004 (cl,P):(009,0.50) (008,0.50) (007,0.00)
L- 20 H:8.113e-01,Q:000004 tau:-0.568276030868
R- 19 H:1.000e+00,Q:000002 tau:-0.482457077966
RQ 18 H:1.333e-35,Q:000001 (cl,P):(009,1.00) (008,0.00) (007,0.00)
LQ 18 H:1.333e-35,Q:000001 (cl,P):(008,1.00) (009,0.00) (007,0.00)
LG 19 H:6.718e-36,Q:000002 (cl,P):(008,1.00) (009,0.00) (007,0.00)
LG 23 H:2.715e-36,Q:000010 (cl,P):(007,1.00) (009,0.00) (008,0.00)
L- 27 H:2.301e+00,Q:000185 tau:-0.772859474595
R- 26 H:2.015e+00,Q:000104 tau:0.351356412734
R- 25 H:1.206e+00,Q:000018 tau:0.437602756326
R- 24 H:8.886e-01,Q:000013 tau:-0.703765268253
RG 23 H:3.013e-36,Q:000009 (cl,P):(006,1.00) (009,0.00) (008,0.00)
LG 23 H:6.718e-36,Q:000004 (cl,P):(005,1.00) (009,0.00) (008,0.00)
LG 24 H:5.374e-36,Q:000005 (cl,P):(007,0.80) (006,0.20) (009,0.00)
L- 25 H:1.609e+00,Q:000086 tau:-0.686548416664
R- 24 H:1.453e+00,Q:000050 tau:-0.617152403025
R- 23 H:1.054e+00,Q:000044 tau:0.163793726867
R- 22 H:3.281e-01,Q:000011 tau:-0.680951145206
RG 21 H:2.715e-36,Q:000010 (cl,P):(008,1.00) (009,0.00) (007,0.00)
LQ 21 H:1.333e-35,Q:000001 (cl,P):(007,1.00) (009,0.00) (008,0.00)
L- 22 H:7.285e-01,Q:000033 tau:-0.492121768284
R- 21 H:2.032e-01,Q:000027 tau:0.114065355262
RQ 20 H:1.333e-35,Q:000001 (cl,P):(008,1.00) (009,0.00) (007,0.00)
LG 20 H:1.055e-36,Q:000026 (cl,P):(009,1.00) (008,0.00) (007,0.00)
LG 21 H:4.496e-36,Q:000006 (cl,P):(008,1.00) (009,0.00) (007,0.00)
L- 23 H:5.409e-01,Q:000006 tau:-0.654807453068
R- 22 H:6.667e-01,Q:000003 tau:-0.70277651895
RQ 21 H:1.333e-35,Q:000002 (cl,P):(007,1.00) (009,0.00) (008,0.00)
LQ 21 H:1.333e-35,Q:000001 (cl,P):(006,1.00) (009,0.00) (008,0.00)
LG 22 H:8.922e-36,Q:000003 (cl,P):(007,1.00) (009,0.00) (008,0.00)
L- 24 H:1.026e+00,Q:000036 tau:0.222156509972
RG 23 H:4.496e-36,Q:000006 (cl,P):(007,1.00) (009,0.00) (008,0.00)
L- 23 H:7.682e-01,Q:000030 tau:-0.369840161231
R- 22 H:2.102e-01,Q:000023 tau:-0.759827786085
RG 21 H:1.368e-36,Q:000020 (cl,P):(008,1.00) (009,0.00) (007,0.00)
LG 21 H:8.922e-36,Q:000003 (cl,P):(008,0.67) (007,0.33) (009,0.00)
L- 22 H:1.143e+00,Q:000007 tau:-0.437773916383
RQ 21 H:1.333e-35,Q:000002 (cl,P):(008,1.00) (009,0.00) (007,0.00)
L- 21 H:4.000e-01,Q:000005 tau:-0.722494942142
RQ 20 H:1.333e-35,Q:000002 (cl,P):(007,1.00) (009,0.00) (008,0.00)
LG 20 H:8.922e-36,Q:000003 (cl,P):(007,0.67) (006,0.33) (009,0.00)
L- 26 H:1.627e+00,Q:000081 tau:0.282345056302
R- 25 H:7.490e-01,Q:000016 tau:-0.848852048963
R- 24 H:5.000e-01,Q:000012 tau:0.408251981729
RG 23 H:3.011e-36,Q:000009 (cl,P):(005,1.00) (009,0.00) (008,0.00)
LG 23 H:4.499e-36,Q:000003 (cl,P):(006,1.00) (009,0.00) (008,0.00)
L- 24 H:5.000e-01,Q:000004 tau:0.311914650279
RG 23 H:8.922e-36,Q:000003 (cl,P):(005,0.67) (004,0.33) (009,0.00)
LQ 23 H:1.333e-35,Q:000001 (cl,P):(005,1.00) (009,0.00) (008,0.00)
L- 25 H:1.456e+00,Q:000065 tau:-0.869345458314
R- 24 H:8.728e-01,Q:000036 tau:0.0986888142915
RG 23 H:3.863e-36,Q:000007 (cl,P):(006,0.57) (007,0.43) (009,0.00)
L- 23 H:7.901e-01,Q:000029 tau:-0.392955486927
R- 22 H:4.250e-01,Q:000023 tau:0.0211805909835
R- 21 H:1.000e+00,Q:000004 tau:-0.799719564951
RQ 20 H:1.333e-35,Q:000002 (cl,P):(007,1.00) (009,0.00) (008,0.00)
LQ 20 H:1.333e-35,Q:000002 (cl,P):(006,1.00) (009,0.00) (008,0.00)
LG 21 H:1.439e-36,Q:000019 (cl,P):(007,1.00) (009,0.00) (008,0.00)
L- 22 H:5.409e-01,Q:000006 tau:-0.775514990172
RQ 21 H:1.333e-35,Q:000002 (cl,P):(007,0.50) (006,0.50) (009,0.00)
LG 21 H:6.707e-36,Q:000004 (cl,P):(006,1.00) (009,0.00) (008,0.00)
L- 24 H:9.289e-01,Q:000029 tau:-0.933856776498
R- 23 H:2.345e-01,Q:000020 tau:0.256436535088
RQ 22 H:1.333e-35,Q:000001 (cl,P):(005,1.00) (009,0.00) (008,0.00)
LG 22 H:1.439e-36,Q:000019 (cl,P):(006,1.00) (009,0.00) (008,0.00)
LG 23 H:3.013e-36,Q:000009 (cl,P):(005,1.00) (009,0.00) (008,0.00)
